TN:
SF:src/Morpho.sol
DA:75,127
FN:75,82,Morpho.constructor
FNDA:127,Morpho.constructor
DA:76,127
BRDA:76,0,0,-
BRDA:76,0,1,-
DA:78,126
DA:79,127
DA:81,126
DA:87,513
FN:87,90,Morpho.onlyOwner
FNDA:513,Morpho.onlyOwner
DA:88,513
BRDA:88,1,0,-
BRDA:88,1,1,-
DA:95,257
FN:95,101,Morpho.setOwner
FNDA:257,Morpho.setOwner
DA:96,257
BRDA:96,2,0,-
BRDA:96,2,1,-
DA:98,256
DA:100,256
DA:104,763
FN:104,110,Morpho.enableIrm
FNDA:763,Morpho.enableIrm
DA:105,763
BRDA:105,3,0,-
BRDA:105,3,1,-
DA:107,763
DA:109,762
DA:113,3339
FN:113,120,Morpho.enableLltv
FNDA:3339,Morpho.enableLltv
DA:114,3339
BRDA:114,4,0,-
BRDA:114,4,1,-
DA:115,3338
BRDA:115,5,0,-
BRDA:115,5,1,-
DA:117,3339
DA:119,3082
DA:123,6668
FN:123,136,Morpho.setFee
FNDA:6668,Morpho.setFee
DA:124,6668
DA:125,6668
BRDA:125,6,0,-
BRDA:125,6,1,-
DA:126,6412
BRDA:126,7,0,-
BRDA:126,7,1,-
DA:127,6412
BRDA:127,8,0,-
BRDA:127,8,1,-
DA:130,6668
DA:133,6668
DA:135,6156
DA:139,381
FN:139,145,Morpho.setFeeRecipient
FNDA:381,Morpho.setFeeRecipient
DA:140,381
BRDA:140,9,0,-
BRDA:140,9,1,-
DA:142,381
DA:144,381
DA:150,4508
FN:150,164,Morpho.createMarket
FNDA:4508,Morpho.createMarket
DA:151,4508
DA:152,4508
BRDA:152,10,0,-
BRDA:152,10,1,-
DA:153,3996
BRDA:153,11,0,-
BRDA:153,11,1,-
DA:154,3740
BRDA:154,12,0,-
BRDA:154,12,1,-
DA:157,3484
DA:158,3484
DA:160,3484
DA:163,3484
BRDA:163,13,0,3228
DA:169,19783
FN:169,197,Morpho.supply
FNDA:19783,Morpho.supply
DA:176,19783
DA:177,19783
BRDA:177,14,0,-
BRDA:177,14,1,-
DA:178,19527
BRDA:178,15,0,-
BRDA:178,15,1,-
DA:179,19270
BRDA:179,16,0,-
BRDA:179,16,1,-
DA:181,19014
DA:183,19014
BRDA:183,17,0,16487
BRDA:183,17,1,2527
DA:184,2527
DA:186,19014
DA:187,19014
DA:188,16487
DA:190,19014
DA:192,19014
BRDA:192,18,0,256
DA:194,19014
DA:196,18502
DA:200,4185
FN:200,230,Morpho.withdraw
FNDA:4185,Morpho.withdraw
DA:207,4185
DA:208,4185
BRDA:208,19,0,-
BRDA:208,19,1,-
DA:209,3929
BRDA:209,20,0,-
BRDA:209,20,1,-
DA:210,3417
BRDA:210,21,0,-
BRDA:210,21,1,-
DA:212,3161
BRDA:212,22,0,-
BRDA:212,22,1,-
DA:214,2905
DA:216,2905
BRDA:216,23,0,2393
BRDA:216,23,1,512
DA:217,512
DA:219,2905
DA:220,2905
DA:221,2905
DA:223,2393
BRDA:223,24,0,-
BRDA:223,24,1,-
DA:225,2649
DA:227,2393
DA:229,2649
DA:235,13995
FN:235,266,Morpho.borrow
FNDA:13995,Morpho.borrow
DA:242,13995
DA:243,13995
BRDA:243,25,0,-
BRDA:243,25,1,-
DA:244,13739
BRDA:244,26,0,-
BRDA:244,26,1,-
DA:245,13227
BRDA:245,27,0,-
BRDA:245,27,1,-
DA:247,12971
BRDA:247,28,0,-
BRDA:247,28,1,-
DA:249,12715
DA:251,12715
BRDA:251,29,0,11946
BRDA:251,29,1,769
DA:252,769
DA:254,12715
DA:255,12715
DA:256,12715
DA:258,12715
BRDA:258,30,0,-
BRDA:258,30,1,-
DA:259,11946
BRDA:259,31,0,-
BRDA:259,31,1,-
DA:261,12203
DA:263,11946
DA:265,12203
DA:269,4147
FN:269,298,Morpho.repay
FNDA:4147,Morpho.repay
DA:276,4147
DA:277,4147
BRDA:277,32,0,-
BRDA:277,32,1,-
DA:278,3891
BRDA:278,33,0,-
BRDA:278,33,1,-
DA:279,3634
BRDA:279,34,0,-
BRDA:279,34,1,-
DA:281,3378
DA:283,3378
BRDA:283,35,0,1934
BRDA:283,35,1,1444
DA:284,1444
DA:286,3378
DA:287,3378
DA:288,1934
DA:291,3378
DA:293,3378
BRDA:293,36,0,512
DA:295,3378
DA:297,3122
DA:303,16297
FN:303,320,Morpho.supplyCollateral
FNDA:16297,Morpho.supplyCollateral
DA:306,16297
DA:307,16297
BRDA:307,37,0,-
BRDA:307,37,1,-
DA:308,16041
BRDA:308,38,0,-
BRDA:308,38,1,-
DA:309,15785
BRDA:309,39,0,-
BRDA:309,39,1,-
DA:313,15529
DA:315,15529
DA:317,15529
BRDA:317,40,0,512
DA:319,15529
DA:323,3687
FN:323,342,Morpho.withdrawCollateral
FNDA:3687,Morpho.withdrawCollateral
DA:326,3687
DA:327,3687
BRDA:327,41,0,-
BRDA:327,41,1,-
DA:328,3431
BRDA:328,42,0,-
BRDA:328,42,1,-
DA:329,3687
BRDA:329,43,0,-
BRDA:329,43,1,-
DA:331,2919
BRDA:331,44,0,-
BRDA:331,44,1,-
DA:333,2663
DA:335,2663
DA:337,2663
BRDA:337,45,0,-
BRDA:337,45,1,-
DA:339,2407
DA:341,3687
DA:347,2637
FN:347,417,Morpho.liquidate
FNDA:2637,Morpho.liquidate
DA:354,2637
DA:355,2637
BRDA:355,46,0,-
BRDA:355,46,1,-
DA:356,2381
BRDA:356,47,0,-
BRDA:356,47,1,-
DA:358,1869
DA:361,2637
DA:363,1869
BRDA:363,48,0,-
BRDA:363,48,1,-
DA:366,1357
DA:371,1357
BRDA:371,49,0,1061
BRDA:371,49,1,296
DA:372,1061
DA:374,1061
DA:378,296
DA:382,1357
DA:384,1357
DA:385,1357
DA:386,1357
DA:388,1357
DA:390,1357
DA:391,1357
DA:392,1357
BRDA:392,50,0,770
DA:393,770
DA:394,770
DA:399,770
DA:400,770
DA:401,770
DA:402,770
DA:406,1357
DA:410,1357
DA:412,1357
BRDA:412,51,0,256
DA:414,1357
DA:416,1101
DA:422,513
FN:422,432,Morpho.flashLoan
FNDA:513,Morpho.flashLoan
DA:423,513
BRDA:423,52,0,-
BRDA:423,52,1,-
DA:425,512
DA:427,512
DA:429,512
DA:431,512
DA:437,1405
FN:437,443,Morpho.setAuthorization
FNDA:1405,Morpho.setAuthorization
DA:438,1405
BRDA:438,53,0,-
BRDA:438,53,1,-
DA:440,1405
DA:442,1405
DA:446,1792
FN:446,464,Morpho.setAuthorizationWithSig
FNDA:1792,Morpho.setAuthorizationWithSig
DA:448,1792
BRDA:448,54,0,-
BRDA:448,54,1,-
DA:449,1536
BRDA:449,55,0,-
BRDA:449,55,1,-
DA:451,1024
DA:452,1024
DA:453,1536
DA:455,1024
BRDA:455,56,0,1024
BRDA:455,56,1,1024
DA:457,1024
DA:459,768
DA:461,768
DA:467,19051
FN:467,469,Morpho._isSenderAuthorized
FNDA:19051,Morpho._isSenderAuthorized
DA:468,19051
DA:474,3072
FN:474,479,Morpho.accrueInterest
FNDA:3072,Morpho.accrueInterest
DA:475,3072
DA:476,3072
BRDA:476,57,0,-
BRDA:476,57,1,-
DA:478,3072
DA:483,51516
FN:483,509,Morpho._accrueInterest
FNDA:51516,Morpho._accrueInterest
DA:484,51516
DA:485,51516
DA:487,24856
BRDA:487,59,0,24600
DA:488,24600
DA:489,24600
DA:490,24600
DA:491,24600
DA:493,24600
DA:494,24600
BRDA:494,60,0,7650
DA:495,7650
DA:498,7650
DA:500,7650
DA:501,7650
DA:504,24600
DA:508,24856
DA:515,15378
FN:515,521,Morpho._isHealthy
FNDA:15378,Morpho._isHealthy
DA:516,15378
DA:518,14380
DA:520,14380
DA:527,16249
FN:527,539,Morpho._isHealthy
FNDA:16249,Morpho._isHealthy
DA:532,16249
DA:535,16249
DA:538,16249
DA:544,98198
FN:544,556,Morpho.extSloads
FNDA:98198,Morpho.extSloads
DA:545,98198
DA:547,98198
DA:549,98198
DA:550,102294
DA:553,0
FNF:24
FNH:24
LF:211
LH:210
BRF:112
BRH:20
end_of_record
TN:
SF:src/libraries/MarketParamsLib.sol
DA:16,156147
FN:16,20,MarketParamsLib.id
FNDA:156147,MarketParamsLib.id
DA:18,0
FNF:1
FNH:1
LF:2
LH:1
BRF:0
BRH:0
end_of_record
TN:
SF:src/libraries/MathLib.sol
DA:12,70011
FN:12,14,MathLib.wMulDown
FNDA:70011,MathLib.wMulDown
DA:13,70011
DA:17,15974
FN:17,19,MathLib.wDivDown
FNDA:15974,MathLib.wDivDown
DA:18,15974
DA:22,17548
FN:22,24,MathLib.wDivUp
FNDA:17548,MathLib.wDivUp
DA:23,17548
DA:27,218249
FN:27,29,MathLib.mulDivDown
FNDA:218249,MathLib.mulDivDown
DA:28,218249
DA:32,90887
FN:32,34,MathLib.mulDivUp
FNDA:90887,MathLib.mulDivUp
DA:33,90887
DA:38,30191
FN:38,44,MathLib.wTaylorCompounded
FNDA:30191,MathLib.wTaylorCompounded
DA:39,30191
DA:40,30191
DA:41,30191
DA:43,30191
FNF:6
FNH:6
LF:15
LH:15
BRF:0
BRH:0
end_of_record
TN:
SF:src/libraries/SafeTransferLib.sol
DA:19,19896
FN:19,26,SafeTransferLib.safeTransfer
FNDA:19896,SafeTransferLib.safeTransfer
DA:20,19896
BRDA:20,0,0,-
BRDA:20,0,1,-
DA:22,19896
DA:23,19896
DA:24,19640
BRDA:24,1,0,-
BRDA:24,1,1,-
DA:25,19896
BRDA:25,2,0,19640
BRDA:25,2,1,19384
DA:28,40558
FN:28,35,SafeTransferLib.safeTransferFrom
FNDA:40558,SafeTransferLib.safeTransferFrom
DA:29,40558
BRDA:29,3,0,-
BRDA:29,3,1,-
DA:31,40558
DA:32,40558
DA:33,39790
BRDA:33,4,0,-
BRDA:33,4,1,-
DA:34,40558
BRDA:34,5,0,38510
BRDA:34,5,1,38254
FNF:2
FNH:2
LF:12
LH:12
BRF:12
BRH:4
end_of_record
TN:
SF:src/libraries/SharesMathLib.sol
DA:27,35401
FN:27,29,SharesMathLib.toSharesDown
FNDA:35401,SharesMathLib.toSharesDown
DA:28,35401
DA:32,8421
FN:32,34,SharesMathLib.toAssetsDown
FNDA:8421,SharesMathLib.toAssetsDown
DA:33,8421
DA:37,16972
FN:37,39,SharesMathLib.toSharesUp
FNDA:16972,SharesMathLib.toSharesUp
DA:38,16972
DA:42,37795
FN:42,44,SharesMathLib.toAssetsUp
FNDA:37795,SharesMathLib.toAssetsUp
DA:43,37795
FNF:4
FNH:4
LF:8
LH:8
BRF:0
BRH:0
end_of_record
TN:
SF:src/libraries/UtilsLib.sol
DA:13,43723
FN:13,17,UtilsLib.exactlyOneZero
FNDA:43723,UtilsLib.exactlyOneZero
DA:15,0
DA:20,2383
FN:20,24,UtilsLib.min
FNDA:2383,UtilsLib.min
DA:22,0
DA:27,188688
FN:27,30,UtilsLib.toUint128
FNDA:188688,UtilsLib.toUint128
DA:28,188688
BRDA:28,0,0,-
BRDA:28,0,1,-
DA:29,188688
DA:33,4991
FN:33,37,UtilsLib.zeroFloorSub
FNDA:4991,UtilsLib.zeroFloorSub
DA:35,0
FNF:4
FNH:4
LF:9
LH:6
BRF:2
BRH:0
end_of_record
TN:
SF:src/libraries/periphery/MorphoBalancesLib.sol
DA:33,19776
FN:33,61,MorphoBalancesLib.expectedMarketBalances
FNDA:19776,MorphoBalancesLib.expectedMarketBalances
DA:38,19776
DA:39,19776
DA:41,19776
DA:44,19776
BRDA:44,0,0,4567
DA:45,4567
DA:46,4567
DA:47,4567
DA:48,4567
DA:50,4567
BRDA:50,1,0,4145
DA:51,4145
DA:54,4145
DA:55,4145
DA:56,4145
DA:60,19776
DA:64,256
FN:64,70,MorphoBalancesLib.expectedTotalSupplyAssets
FNDA:256,MorphoBalancesLib.expectedTotalSupplyAssets
DA:69,256
DA:73,256
FN:73,79,MorphoBalancesLib.expectedTotalBorrowAssets
FNDA:256,MorphoBalancesLib.expectedTotalBorrowAssets
DA:78,256
DA:82,256
FN:82,88,MorphoBalancesLib.expectedTotalSupplyShares
FNDA:256,MorphoBalancesLib.expectedTotalSupplyShares
DA:87,256
DA:94,4289
FN:94,104,MorphoBalancesLib.expectedSupplyAssets
FNDA:4289,MorphoBalancesLib.expectedSupplyAssets
DA:99,4289
DA:100,4289
DA:101,4289
DA:103,4289
DA:109,10378
FN:109,119,MorphoBalancesLib.expectedBorrowAssets
FNDA:10378,MorphoBalancesLib.expectedBorrowAssets
DA:114,10378
DA:115,10378
DA:116,10378
DA:118,10378
FNF:6
FNH:6
LF:31
LH:31
BRF:2
BRH:2
end_of_record
TN:
SF:src/libraries/periphery/MorphoLib.sol
DA:13,11762
FN:13,16,MorphoLib.supplyShares
FNDA:11762,MorphoLib.supplyShares
DA:14,11762
DA:15,11762
DA:18,21369
FN:18,21,MorphoLib.borrowShares
FNDA:21369,MorphoLib.borrowShares
DA:19,21369
DA:20,21369
DA:23,19603
FN:23,26,MorphoLib.collateral
FNDA:19603,MorphoLib.collateral
DA:24,19603
DA:25,19603
DA:28,11645
FN:28,31,MorphoLib.totalSupplyAssets
FNDA:11645,MorphoLib.totalSupplyAssets
DA:29,11645
DA:30,11645
DA:33,7189
FN:33,36,MorphoLib.totalSupplyShares
FNDA:7189,MorphoLib.totalSupplyShares
DA:34,7189
DA:35,7189
DA:38,11368
FN:38,41,MorphoLib.totalBorrowAssets
FNDA:11368,MorphoLib.totalBorrowAssets
DA:39,11368
DA:40,11368
DA:43,4608
FN:43,46,MorphoLib.totalBorrowShares
FNDA:4608,MorphoLib.totalBorrowShares
DA:44,4608
DA:45,4608
DA:48,3454
FN:48,51,MorphoLib.lastUpdate
FNDA:3454,MorphoLib.lastUpdate
DA:49,3454
DA:50,3454
DA:53,6688
FN:53,56,MorphoLib.fee
FNDA:6688,MorphoLib.fee
DA:54,6688
DA:55,6688
DA:58,97686
FN:58,62,MorphoLib._array
FNDA:97686,MorphoLib._array
DA:59,97686
DA:60,97686
DA:61,0
FNF:10
FNH:10
LF:31
LH:30
BRF:0
BRH:0
end_of_record
TN:
SF:src/libraries/periphery/MorphoStorageLib.sol
DA:41,256
FN:41,43,MorphoStorageLib.ownerSlot
FNDA:256,MorphoStorageLib.ownerSlot
DA:42,256
DA:45,256
FN:45,47,MorphoStorageLib.feeRecipientSlot
FNDA:256,MorphoStorageLib.feeRecipientSlot
DA:46,256
DA:49,12018
FN:49,53,MorphoStorageLib.positionSupplySharesSlot
FNDA:12018,MorphoStorageLib.positionSupplySharesSlot
DA:50,12018
DA:55,41228
FN:55,60,MorphoStorageLib.positionBorrowSharesAndCollateralSlot
FNDA:41228,MorphoStorageLib.positionBorrowSharesAndCollateralSlot
DA:56,41228
DA:62,19090
FN:62,64,MorphoStorageLib.marketTotalSupplyAssetsAndSharesSlot
FNDA:19090,MorphoStorageLib.marketTotalSupplyAssetsAndSharesSlot
DA:63,19090
DA:66,16232
FN:66,68,MorphoStorageLib.marketTotalBorrowAssetsAndSharesSlot
FNDA:16232,MorphoStorageLib.marketTotalBorrowAssetsAndSharesSlot
DA:67,16232
DA:70,10398
FN:70,72,MorphoStorageLib.marketLastUpdateAndFeeSlot
FNDA:10398,MorphoStorageLib.marketLastUpdateAndFeeSlot
DA:71,10398
DA:74,256
FN:74,76,MorphoStorageLib.isIrmEnabledSlot
FNDA:256,MorphoStorageLib.isIrmEnabledSlot
DA:75,256
DA:78,256
FN:78,80,MorphoStorageLib.isLltvEnabledSlot
FNDA:256,MorphoStorageLib.isLltvEnabledSlot
DA:79,256
DA:82,256
FN:82,84,MorphoStorageLib.isAuthorizedSlot
FNDA:256,MorphoStorageLib.isAuthorizedSlot
DA:83,256
DA:86,256
FN:86,88,MorphoStorageLib.nonceSlot
FNDA:256,MorphoStorageLib.nonceSlot
DA:87,256
DA:90,256
FN:90,92,MorphoStorageLib.idToLoanTokenSlot
FNDA:256,MorphoStorageLib.idToLoanTokenSlot
DA:91,256
DA:94,256
FN:94,96,MorphoStorageLib.idToCollateralTokenSlot
FNDA:256,MorphoStorageLib.idToCollateralTokenSlot
DA:95,256
DA:98,256
FN:98,100,MorphoStorageLib.idToOracleSlot
FNDA:256,MorphoStorageLib.idToOracleSlot
DA:99,256
DA:102,256
FN:102,104,MorphoStorageLib.idToIrmSlot
FNDA:256,MorphoStorageLib.idToIrmSlot
DA:103,256
DA:106,256
FN:106,108,MorphoStorageLib.idToLltvSlot
FNDA:256,MorphoStorageLib.idToLltvSlot
DA:107,256
FNF:16
FNH:16
LF:32
LH:32
BRF:0
BRH:0
end_of_record
TN:
SF:src/mocks/ERC20Mock.sol
DA:12,37998
FN:12,17,ERC20Mock.setBalance
FNDA:37998,ERC20Mock.setBalance
DA:13,37998
BRDA:13,0,0,37470
BRDA:13,0,1,528
DA:14,528
DA:16,37998
DA:19,5096
FN:19,25,ERC20Mock.approve
FNDA:5096,ERC20Mock.approve
DA:20,5096
DA:22,5096
DA:24,5096
DA:27,19128
FN:27,36,ERC20Mock.transfer
FNDA:19128,ERC20Mock.transfer
DA:28,19128
BRDA:28,1,0,-
BRDA:28,1,1,-
DA:30,19128
DA:31,19128
DA:33,19128
DA:35,0
DA:38,39278
FN:38,51,ERC20Mock.transferFrom
FNDA:39278,ERC20Mock.transferFrom
DA:39,39278
BRDA:39,2,0,-
BRDA:39,2,1,-
DA:41,39278
DA:43,37998
BRDA:43,3,0,-
BRDA:43,3,1,-
DA:45,37998
DA:46,37998
DA:48,37998
DA:50,0
FNF:4
FNH:4
LF:22
LH:20
BRF:8
BRH:2
end_of_record
TN:
SF:src/mocks/FlashBorrowerMock.sol
DA:11,0
FN:11,13,FlashBorrowerMock.constructor
FNDA:0,FlashBorrowerMock.constructor
DA:12,0
DA:15,0
FN:15,17,FlashBorrowerMock.flashLoan
FNDA:0,FlashBorrowerMock.flashLoan
DA:16,0
DA:19,0
FN:19,23,FlashBorrowerMock.onMorphoFlashLoan
FNDA:0,FlashBorrowerMock.onMorphoFlashLoan
DA:20,0
BRDA:20,0,0,-
BRDA:20,0,1,-
DA:21,0
DA:22,0
FNF:3
FNH:0
LF:8
LH:0
BRF:2
BRH:0
end_of_record
TN:
SF:src/mocks/IrmMock.sol
DA:12,32651
FN:12,20,IrmMock.borrowRateView
FNDA:32651,IrmMock.borrowRateView
DA:13,32651
DA:15,11639
DA:19,11639
DA:22,28084
FN:22,24,IrmMock.borrowRate
FNDA:28084,IrmMock.borrowRate
DA:23,28084
FNF:2
FNH:2
LF:6
LH:6
BRF:0
BRH:0
end_of_record
TN:
SF:src/mocks/OracleMock.sol
DA:9,7765
FN:9,11,OracleMock.setPrice
FNDA:7765,OracleMock.setPrice
DA:10,7765
FNF:1
FNH:1
LF:2
LH:2
BRF:0
BRH:0
end_of_record
TN:
SF:test/forge/BaseTest.sol
DA:60,125
FN:60,117,BaseTest.setUp
FNDA:125,BaseTest.setUp
DA:61,125
DA:62,125
DA:63,125
DA:64,125
DA:65,125
DA:66,125
DA:67,125
DA:68,125
DA:70,125
DA:72,125
DA:73,125
DA:75,125
DA:76,125
DA:78,125
DA:80,125
DA:82,125
DA:84,125
DA:85,125
DA:86,125
DA:87,125
DA:88,125
DA:89,125
DA:91,125
DA:92,125
DA:94,125
DA:95,125
DA:96,125
DA:98,125
DA:99,125
DA:100,125
DA:102,125
DA:103,125
DA:104,125
DA:106,125
DA:107,125
DA:108,125
DA:110,125
DA:111,125
DA:112,125
DA:113,125
DA:114,125
DA:116,125
DA:119,1918
FN:119,129,BaseTest._setLltv
FNDA:1918,BaseTest._setLltv
DA:120,1918
DA:121,1918
DA:123,1918
DA:124,1918
BRDA:124,0,0,1918
DA:125,1918
BRDA:125,1,0,1918
DA:126,1918
DA:128,1918
DA:132,6503
FN:132,135,BaseTest._forward
FNDA:6503,BaseTest._forward
DA:133,6503
DA:134,6503
DA:138,2816
FN:138,140,BaseTest._boundBlocks
FNDA:2816,BaseTest._boundBlocks
DA:139,2816
DA:142,4610
FN:142,145,BaseTest._supply
FNDA:4610,BaseTest._supply
DA:143,4610
DA:144,4610
DA:147,0
FN:147,153,BaseTest._supplyCollateralForBorrower
FNDA:0,BaseTest._supplyCollateralForBorrower
DA:148,0
DA:149,0
DA:150,0
DA:151,0
DA:152,0
DA:155,5632
FN:155,178,BaseTest._boundHealthyPosition
FNDA:5632,BaseTest._boundHealthyPosition
DA:160,5632
DA:161,5632
DA:163,5632
DA:165,5632
BRDA:165,2,0,5404
BRDA:165,2,1,228
DA:166,5404
DA:168,228
DA:169,228
DA:175,5632
DA:176,5632
DA:177,5632
DA:180,1024
FN:180,194,BaseTest._boundUnhealthyPosition
FNDA:1024,BaseTest._boundUnhealthyPosition
DA:185,1024
DA:186,1024
DA:188,1024
DA:189,1024
DA:190,1024
DA:192,1024
DA:193,1024
DA:196,1792
FN:196,198,BaseTest._boundTestLltv
FNDA:1792,BaseTest._boundTestLltv
DA:197,1792
DA:200,2281
FN:200,210,BaseTest._boundSupplyCollateralAssets
FNDA:2281,BaseTest._boundSupplyCollateralAssets
DA:205,2281
DA:207,2281
DA:209,2281
DA:212,1663
FN:212,228,BaseTest._boundWithdrawCollateralAssets
FNDA:1663,BaseTest._boundWithdrawCollateralAssets
DA:217,1663
DA:219,1663
DA:220,1663
DA:221,1663
DA:223,1663
DA:230,2248
FN:230,238,BaseTest._boundSupplyAssets
FNDA:2248,BaseTest._boundSupplyAssets
DA:235,2248
DA:237,2248
DA:240,2069
FN:240,256,BaseTest._boundSupplyShares
FNDA:2069,BaseTest._boundSupplyShares
DA:245,2069
DA:247,2069
DA:249,2069
DA:258,1785
FN:258,269,BaseTest._boundWithdrawAssets
FNDA:1785,BaseTest._boundWithdrawAssets
DA:263,1785
DA:265,1785
DA:266,1785
DA:268,1785
DA:271,0
FN:271,285,BaseTest._boundWithdrawShares
FNDA:0,BaseTest._boundWithdrawShares
DA:276,0
DA:278,0
DA:279,0
DA:281,0
DA:282,0
DA:284,0
DA:287,1647
FN:287,299,BaseTest._boundBorrowAssets
FNDA:1647,BaseTest._boundBorrowAssets
DA:292,1647
DA:294,1647
DA:295,1647
DA:296,1647
DA:298,1647
DA:301,981
FN:301,312,BaseTest._boundRepayAssets
FNDA:981,BaseTest._boundRepayAssets
DA:306,981
DA:308,981
DA:309,981
DA:311,981
DA:314,961
FN:314,324,BaseTest._boundRepayShares
FNDA:961,BaseTest._boundRepayShares
DA:319,961
DA:321,961
DA:323,961
DA:326,38
FN:326,343,BaseTest._boundLiquidateSeizedAssets
FNDA:38,BaseTest._boundLiquidateSeizedAssets
DA:331,38
DA:333,38
DA:334,38
DA:335,38
DA:336,38
DA:337,38
DA:341,38
DA:342,38
DA:345,44
FN:345,361,BaseTest._boundLiquidateRepaidShares
FNDA:44,BaseTest._boundLiquidateRepaidShares
DA:350,44
DA:352,44
DA:353,44
DA:356,44
DA:357,44
DA:359,44
DA:360,44
DA:363,8715
FN:363,369,BaseTest._maxBorrow
FNDA:8715,BaseTest._maxBorrow
DA:364,8715
DA:366,8715
DA:368,8715
DA:371,6812
FN:371,376,BaseTest._isHealthy
FNDA:6812,BaseTest._isHealthy
DA:372,6812
DA:373,6812
DA:375,6812
DA:378,886
FN:378,380,BaseTest._liquidationIncentiveFactor
FNDA:886,BaseTest._liquidationIncentiveFactor
DA:379,886
DA:382,1024
FN:382,384,BaseTest._boundValidLltv
FNDA:1024,BaseTest._boundValidLltv
DA:383,1024
DA:386,2304
FN:386,388,BaseTest.neq
FNDA:2304,BaseTest.neq
DA:387,2304
DA:390,21025
FN:390,394,BaseTest._randomCandidate
FNDA:21025,BaseTest._randomCandidate
DA:391,21025
DA:393,13717
DA:396,14427
FN:396,400,BaseTest._randomNonZero
FNDA:14427,BaseTest._randomNonZero
DA:397,14427
DA:399,14427
FNF:27
FNH:25
LF:167
LH:154
BRF:4
BRH:4
end_of_record
TN:
SF:test/forge/InvariantTest.sol
DA:15,6
FN:15,22,InvariantTest.setUp
FNDA:6,InvariantTest.setUp
DA:16,0
DA:18,0
DA:20,6
DA:21,6
DA:24,2161
FN:24,28,InvariantTest.logCall
FNDA:2161,InvariantTest.logCall
DA:25,2161
DA:30,0
FN:30,39,InvariantTest._targetSenders
FNDA:0,InvariantTest._targetSenders
DA:31,0
DA:32,0
DA:33,0
DA:34,0
DA:35,0
DA:36,0
DA:37,0
DA:38,0
DA:41,6
FN:41,48,InvariantTest._targetSender
FNDA:6,InvariantTest._targetSender
DA:42,6
DA:44,6
DA:45,6
DA:46,6
DA:47,6
DA:52,1769
FN:52,56,InvariantTest.mine
FNDA:1769,InvariantTest.mine
DA:53,1769
DA:55,1769
DA:60,2076
FN:60,77,InvariantTest._randomSupplier
FNDA:2076,InvariantTest._randomSupplier
DA:65,2076
DA:66,2076
DA:68,2076
DA:69,2076
DA:71,2076
BRDA:71,0,0,1785
DA:72,1785
DA:76,2076
DA:79,4359
FN:79,96,InvariantTest._randomBorrower
FNDA:4359,InvariantTest._randomBorrower
DA:84,4359
DA:85,4359
DA:87,4359
DA:88,4359
DA:90,4359
BRDA:90,1,0,1942
DA:91,1942
DA:95,4359
DA:98,4558
FN:98,115,InvariantTest._randomHealthyCollateralSupplier
FNDA:4558,InvariantTest._randomHealthyCollateralSupplier
DA:103,4558
DA:104,4558
DA:106,4558
DA:107,4558
DA:109,4558
BRDA:109,2,0,3310
DA:110,3310
DA:114,4558
DA:117,3434
FN:117,133,InvariantTest._randomUnhealthyBorrower
FNDA:3434,InvariantTest._randomUnhealthyBorrower
DA:122,3434
DA:124,3434
DA:125,3434
DA:127,3434
BRDA:127,3,0,82
DA:128,82
DA:132,3434
FNF:9
FNH:8
LF:56
LH:45
BRF:4
BRH:4
end_of_record
TN:
SF:test/forge/helpers/ArrayLib.sol
DA:5,14427
FN:5,21,ArrayLib.removeAll
FNDA:14427,ArrayLib.removeAll
DA:6,14427
DA:8,14427
DA:9,14427
DA:10,14427
DA:12,14427
BRDA:12,0,0,7119
DA:13,7119
DA:14,7119
DA:19,0
FNF:1
FNH:1
LF:9
LH:8
BRF:1
BRH:1
end_of_record
TN:
SF:test/forge/helpers/Math.sol
DA:5,768
FN:5,7,Math.max
FNDA:768,Math.max
DA:6,768
DA:9,10108
FN:9,11,Math.min
FNDA:10108,Math.min
DA:10,10108
DA:13,8261
FN:13,15,Math.zeroFloorSub
FNDA:8261,Math.zeroFloorSub
DA:14,8261
FNF:3
FNH:3
LF:6
LH:6
BRF:0
BRH:0
end_of_record
TN:
SF:test/forge/helpers/SigUtils.sol
DA:10,1536
FN:10,16,SigUtils.getTypedDataHash
FNDA:1536,SigUtils.getTypedDataHash
DA:15,1536
DA:18,1536
FN:18,29,SigUtils.hashStruct
FNDA:1536,SigUtils.hashStruct
DA:19,1536
FNF:2
FNH:2
LF:4
LH:4
BRF:0
BRH:0
end_of_record
TN:
SF:test/forge/helpers/WadMath.sol
DA:15,256
FN:15,21,WadMath.wadDivUp
FNDA:256,WadMath.wadDivUp
DA:16,256
DA:18,256
DA:20,256
DA:23,256
FN:23,28,WadMath.wadExpUp
FNDA:256,WadMath.wadExpUp
DA:24,256
DA:25,256
BRDA:25,0,0,-
BRDA:25,0,1,-
DA:26,256
DA:27,256
DA:36,256
FN:36,165,WadMath.pow_2
FNDA:256,WadMath.pow_2
DA:38,256
DA:39,256
BRDA:39,1,0,218
DA:40,256
BRDA:40,2,0,194
DA:41,256
BRDA:41,3,0,54
DA:42,256
BRDA:42,4,0,44
DA:43,256
BRDA:43,5,0,202
DA:44,256
BRDA:44,6,0,53
DA:45,256
BRDA:45,7,0,206
DA:46,256
BRDA:46,8,0,207
DA:47,256
BRDA:47,9,0,58
DA:48,256
BRDA:48,10,0,205
DA:49,256
BRDA:49,11,0,197
DA:50,256
BRDA:50,12,0,196
DA:51,256
BRDA:51,13,0,60
DA:52,256
BRDA:52,14,0,53
DA:53,256
BRDA:53,15,0,61
DA:54,256
BRDA:54,16,0,198
DA:55,256
BRDA:55,17,0,192
DA:56,256
BRDA:56,18,0,189
DA:57,256
BRDA:57,19,0,65
DA:58,256
BRDA:58,20,0,194
DA:59,256
BRDA:59,21,0,66
DA:60,256
BRDA:60,22,0,200
DA:61,256
BRDA:61,23,0,73
DA:62,256
BRDA:62,24,0,186
DA:63,256
BRDA:63,25,0,56
DA:64,256
BRDA:64,26,0,178
DA:65,256
BRDA:65,27,0,62
DA:66,256
BRDA:66,28,0,171
DA:67,256
BRDA:67,29,0,96
DA:68,256
BRDA:68,30,0,105
DA:69,256
BRDA:69,31,0,97
DA:70,256
BRDA:70,32,0,142
DA:71,256
BRDA:71,33,0,132
DA:72,256
BRDA:72,34,0,105
DA:73,256
BRDA:73,35,0,131
DA:74,256
BRDA:74,36,0,113
DA:75,256
BRDA:75,37,0,132
DA:76,256
BRDA:76,38,0,131
DA:77,256
BRDA:77,39,0,132
DA:78,256
BRDA:78,40,0,137
DA:79,256
BRDA:79,41,0,119
DA:80,256
BRDA:80,42,0,119
DA:81,256
BRDA:81,43,0,132
DA:82,256
BRDA:82,44,0,128
DA:83,256
BRDA:83,45,0,135
DA:84,256
BRDA:84,46,0,138
DA:85,256
BRDA:85,47,0,121
DA:86,256
BRDA:86,48,0,125
DA:87,256
BRDA:87,49,0,128
DA:88,256
BRDA:88,50,0,117
DA:89,256
BRDA:89,51,0,117
DA:90,256
BRDA:90,52,0,146
DA:91,256
BRDA:91,53,0,133
DA:92,256
BRDA:92,54,0,135
DA:93,256
BRDA:93,55,0,140
DA:94,256
BRDA:94,56,0,124
DA:95,256
BRDA:95,57,0,127
DA:96,256
BRDA:96,58,0,120
DA:97,256
BRDA:97,59,0,137
DA:98,256
BRDA:98,60,0,131
DA:99,256
BRDA:99,61,0,128
DA:100,256
BRDA:100,62,0,131
DA:101,256
BRDA:101,63,0,128
DA:102,256
BRDA:102,64,0,141
DA:103,256
BRDA:103,65,0,131
DA:104,256
BRDA:104,66,0,131
DA:105,256
BRDA:105,67,0,120
DA:106,256
BRDA:106,68,0,131
DA:107,256
BRDA:107,69,0,122
DA:108,256
BRDA:108,70,0,128
DA:109,256
BRDA:109,71,0,117
DA:110,256
BRDA:110,72,0,127
DA:111,256
BRDA:111,73,0,115
DA:112,256
BRDA:112,74,0,121
DA:113,256
BRDA:113,75,0,136
DA:114,256
BRDA:114,76,0,137
DA:115,256
BRDA:115,77,0,143
DA:116,256
BRDA:116,78,0,142
DA:117,256
BRDA:117,79,0,125
DA:118,256
BRDA:118,80,0,125
DA:119,256
BRDA:119,81,0,125
DA:120,256
BRDA:120,82,0,134
DA:121,256
BRDA:121,83,0,133
DA:122,256
BRDA:122,84,0,128
DA:123,256
BRDA:123,85,0,115
DA:124,256
BRDA:124,86,0,121
DA:125,256
BRDA:125,87,0,130
DA:126,256
BRDA:126,88,0,122
DA:127,256
BRDA:127,89,0,130
DA:128,256
BRDA:128,90,0,122
DA:129,256
BRDA:129,91,0,135
DA:130,256
BRDA:130,92,0,114
DA:131,256
BRDA:131,93,0,118
DA:132,256
BRDA:132,94,0,133
DA:133,256
BRDA:133,95,0,104
DA:134,256
BRDA:134,96,0,121
DA:135,256
BRDA:135,97,0,127
DA:136,256
BRDA:136,98,0,116
DA:137,256
BRDA:137,99,0,124
DA:138,256
BRDA:138,100,0,123
DA:139,256
BRDA:139,101,0,132
DA:140,256
BRDA:140,102,0,117
DA:141,256
BRDA:141,103,0,119
DA:142,256
BRDA:142,104,0,144
DA:143,256
BRDA:143,105,0,128
DA:144,256
BRDA:144,106,0,135
DA:145,256
BRDA:145,107,0,117
DA:146,256
BRDA:146,108,0,126
DA:147,256
BRDA:147,109,0,132
DA:148,256
BRDA:148,110,0,131
DA:149,256
BRDA:149,111,0,134
DA:150,256
BRDA:150,112,0,142
DA:151,256
BRDA:151,113,0,119
DA:152,256
BRDA:152,114,0,125
DA:153,256
BRDA:153,115,0,126
DA:154,256
BRDA:154,116,0,123
DA:155,256
BRDA:155,117,0,148
DA:156,256
BRDA:156,118,0,139
DA:157,256
BRDA:157,119,0,78
DA:158,256
BRDA:158,120,0,198
DA:159,256
BRDA:159,121,0,256
DA:161,256
DA:163,256
FNF:3
FNH:3
LF:134
LH:134
BRF:123
BRH:121
end_of_record
TN:
SF:test/forge/invariant/BaseInvariantTest.sol
DA:17,6
FN:17,19,BaseInvariantTest.constructor
FNDA:6,BaseInvariantTest.constructor
DA:18,6
DA:21,6
FN:21,51,BaseInvariantTest.setUp
FNDA:6,BaseInvariantTest.setUp
DA:22,6
DA:23,6
DA:24,6
DA:25,6
DA:26,6
DA:27,6
DA:28,6
DA:29,6
DA:31,0
DA:33,6
DA:35,6
DA:36,30
DA:44,30
DA:45,30
DA:46,30
DA:47,30
DA:49,30
DA:53,6
FN:53,55,BaseInvariantTest._targetSenders
FNDA:6,BaseInvariantTest._targetSenders
DA:54,6
DA:57,1625
FN:57,69,BaseInvariantTest.authorized
FNDA:1625,BaseInvariantTest.authorized
DA:58,1625
BRDA:58,0,0,-
DA:59,0
DA:60,0
DA:65,1625
BRDA:65,1,0,-
DA:66,0
DA:67,0
DA:71,22593
FN:71,73,BaseInvariantTest._randomMarket
FNDA:22593,BaseInvariantTest._randomMarket
DA:72,22593
DA:75,2161
FN:75,83,BaseInvariantTest._supplyAssets
FNDA:2161,BaseInvariantTest._supplyAssets
DA:79,2161
DA:81,2161
DA:82,2161
DA:85,2015
FN:85,95,BaseInvariantTest._supplyShares
FNDA:2015,BaseInvariantTest._supplyShares
DA:89,2015
DA:91,2015
DA:93,2015
DA:94,2015
DA:97,1625
FN:97,106,BaseInvariantTest._withdraw
FNDA:1625,BaseInvariantTest._withdraw
DA:104,1625
DA:105,1625
DA:108,1478
FN:108,117,BaseInvariantTest._borrow
FNDA:1478,BaseInvariantTest._borrow
DA:115,1478
DA:116,1478
DA:119,910
FN:119,127,BaseInvariantTest._repayAssets
FNDA:910,BaseInvariantTest._repayAssets
DA:123,910
DA:125,910
DA:126,910
DA:129,932
FN:129,139,BaseInvariantTest._repayShares
FNDA:932,BaseInvariantTest._repayShares
DA:133,932
DA:135,932
DA:137,932
DA:138,932
DA:141,2245
FN:141,149,BaseInvariantTest._supplyCollateral
FNDA:2245,BaseInvariantTest._supplyCollateral
DA:145,2245
DA:147,2245
DA:148,2245
DA:151,1639
FN:151,158,BaseInvariantTest._withdrawCollateral
FNDA:1639,BaseInvariantTest._withdrawCollateral
DA:156,1639
DA:157,1639
DA:160,36
FN:160,176,BaseInvariantTest._liquidateSeizedAssets
FNDA:36,BaseInvariantTest._liquidateSeizedAssets
DA:164,36
DA:165,36
DA:166,36
DA:167,36
DA:168,36
DA:169,36
DA:170,36
DA:172,36
DA:174,36
DA:175,36
DA:178,39
FN:178,188,BaseInvariantTest._liquidateRepaidShares
FNDA:39,BaseInvariantTest._liquidateRepaidShares
DA:182,39
DA:184,39
DA:186,39
DA:187,39
DA:192,1568
FN:192,201,BaseInvariantTest.setFeeNoRevert
FNDA:1568,BaseInvariantTest.setFeeNoRevert
DA:193,1568
DA:194,1568
DA:196,1568
DA:197,1568
DA:199,1563
DA:200,1563
DA:203,2248
FN:203,212,BaseInvariantTest.supplyAssetsOnBehalfNoRevert
FNDA:2248,BaseInvariantTest.supplyAssetsOnBehalfNoRevert
DA:204,2248
DA:206,2248
DA:208,2248
DA:209,2248
DA:211,2161
DA:214,2069
FN:214,223,BaseInvariantTest.supplySharesOnBehalfNoRevert
FNDA:2069,BaseInvariantTest.supplySharesOnBehalfNoRevert
DA:215,2069
DA:217,2069
DA:219,2069
DA:220,2069
DA:222,2015
DA:225,2076
FN:225,239,BaseInvariantTest.withdrawAssetsOnBehalfNoRevert
FNDA:2076,BaseInvariantTest.withdrawAssetsOnBehalfNoRevert
DA:228,2076
DA:230,2076
DA:232,2076
DA:233,2076
DA:235,1785
DA:236,1785
DA:238,1625
DA:241,2214
FN:241,255,BaseInvariantTest.borrowAssetsOnBehalfNoRevert
FNDA:2214,BaseInvariantTest.borrowAssetsOnBehalfNoRevert
DA:244,2214
DA:246,2212
DA:248,2212
DA:249,2212
DA:251,1647
DA:252,1647
DA:254,1478
DA:257,2214
FN:257,267,BaseInvariantTest.repayAssetsOnBehalfNoRevert
FNDA:2214,BaseInvariantTest.repayAssetsOnBehalfNoRevert
DA:258,2214
DA:260,2214
DA:261,2214
DA:263,981
DA:264,981
DA:266,910
DA:269,2145
FN:269,279,BaseInvariantTest.repaySharesOnBehalfNoRevert
FNDA:2145,BaseInvariantTest.repaySharesOnBehalfNoRevert
DA:270,2145
DA:272,2145
DA:273,2145
DA:275,961
DA:276,961
DA:278,932
DA:281,2281
FN:281,290,BaseInvariantTest.supplyCollateralOnBehalfNoRevert
FNDA:2281,BaseInvariantTest.supplyCollateralOnBehalfNoRevert
DA:282,2281
DA:284,2281
DA:286,2281
DA:287,2281
DA:289,2245
DA:292,2347
FN:292,309,BaseInvariantTest.withdrawCollateralOnBehalfNoRevert
FNDA:2347,BaseInvariantTest.withdrawCollateralOnBehalfNoRevert
DA:298,2347
DA:300,2346
DA:302,2346
DA:303,2346
DA:305,1663
DA:306,1663
DA:308,1639
DA:311,1728
FN:311,321,BaseInvariantTest.liquidateSeizedAssetsNoRevert
FNDA:1728,BaseInvariantTest.liquidateSeizedAssetsNoRevert
DA:312,1728
DA:314,1728
DA:315,1728
DA:317,38
DA:318,38
DA:320,36
DA:323,1706
FN:323,333,BaseInvariantTest.liquidateRepaidSharesNoRevert
FNDA:1706,BaseInvariantTest.liquidateRepaidSharesNoRevert
DA:324,1706
DA:326,1706
DA:327,1706
DA:329,44
DA:330,44
DA:332,39
FNF:26
FNH:26
LF:155
LH:150
BRF:2
BRH:0
end_of_record
TN:
SF:test/forge/libraries/SafeTransferLibTest.sol
DA:13,256
FN:13,16,ERC20WithoutBoolean.transfer
FNDA:256,ERC20WithoutBoolean.transfer
DA:14,256
DA:15,256
DA:18,256
FN:18,22,ERC20WithoutBoolean.transferFrom
FNDA:256,ERC20WithoutBoolean.transferFrom
DA:20,256
DA:21,256
DA:24,512
FN:24,26,ERC20WithoutBoolean.setBalance
FNDA:512,ERC20WithoutBoolean.setBalance
DA:25,512
DA:33,256
FN:33,37,ERC20WithBooleanAlwaysFalse.transfer
FNDA:256,ERC20WithBooleanAlwaysFalse.transfer
DA:34,256
DA:35,256
DA:36,0
DA:39,256
FN:39,44,ERC20WithBooleanAlwaysFalse.transferFrom
FNDA:256,ERC20WithBooleanAlwaysFalse.transferFrom
DA:41,256
DA:42,256
DA:43,0
DA:46,512
FN:46,48,ERC20WithBooleanAlwaysFalse.setBalance
FNDA:512,ERC20WithBooleanAlwaysFalse.setBalance
DA:47,512
FNF:6
FNH:6
LF:18
LH:16
BRF:0
BRH:0
end_of_record
