TN:
SF:src/Morpho.sol
DA:75,127
FN:75,82,Morpho.constructor
FNDA:127,Morpho.constructor
DA:76,127
BRDA:76,0,0,1
BRDA:76,0,1,126
DA:78,126
DA:79,126
DA:81,126
DA:87,513
FN:87,90,Morpho.onlyOwner
FNDA:513,Morpho.onlyOwner
DA:88,513
BRDA:88,1,0,256
BRDA:88,1,1,381
DA:95,513
FN:95,101,Morpho.setOwner
FNDA:513,Morpho.setOwner
DA:96,257
BRDA:96,2,0,1
BRDA:96,2,1,256
DA:98,256
DA:100,256
DA:104,1019
FN:104,110,Morpho.enableIrm
FNDA:1019,Morpho.enableIrm
DA:105,763
BRDA:105,3,0,1
BRDA:105,3,1,762
DA:107,762
DA:109,762
DA:113,3594
FN:113,120,Morpho.enableLltv
FNDA:3594,Morpho.enableLltv
DA:114,3338
BRDA:114,4,0,1
BRDA:114,4,1,3337
DA:115,3337
BRDA:115,5,0,256
BRDA:115,5,1,3081
DA:117,3081
DA:119,3081
DA:123,6924
FN:123,136,Morpho.setFee
FNDA:6924,Morpho.setFee
DA:124,6668
DA:125,6668
BRDA:125,6,0,256
BRDA:125,6,1,6412
DA:126,6412
BRDA:126,7,0,-
BRDA:126,7,1,6412
DA:127,6412
BRDA:127,8,0,256
BRDA:127,8,1,6156
DA:130,6156
DA:133,6156
DA:135,6156
DA:139,637
FN:139,145,Morpho.setFeeRecipient
FNDA:637,Morpho.setFeeRecipient
DA:140,381
BRDA:140,9,0,-
BRDA:140,9,1,381
DA:142,381
DA:144,381
DA:150,4507
FN:150,164,Morpho.createMarket
FNDA:4507,Morpho.createMarket
DA:151,4507
DA:152,4507
BRDA:152,10,0,512
BRDA:152,10,1,3995
DA:153,3995
BRDA:153,11,0,256
BRDA:153,11,1,3739
DA:154,3739
BRDA:154,12,0,256
BRDA:154,12,1,3483
DA:157,3483
DA:158,3483
DA:160,3483
DA:163,3483
BRDA:163,13,0,3227
DA:169,19781
FN:169,197,Morpho.supply
FNDA:19781,Morpho.supply
DA:176,19781
DA:177,19781
BRDA:177,14,0,256
BRDA:177,14,1,19525
DA:178,19525
BRDA:178,15,0,257
BRDA:178,15,1,19268
DA:179,19268
BRDA:179,16,0,256
BRDA:179,16,1,19012
DA:181,19012
DA:183,19012
BRDA:183,17,0,16483
BRDA:183,17,1,2529
DA:184,2529
DA:186,19012
DA:187,19012
DA:188,19012
DA:190,19012
DA:192,19012
BRDA:192,18,0,256
DA:194,19012
DA:196,18500
DA:200,4198
FN:200,230,Morpho.withdraw
FNDA:4198,Morpho.withdraw
DA:207,4198
DA:208,4198
BRDA:208,19,0,256
BRDA:208,19,1,3942
DA:209,3942
BRDA:209,20,0,512
BRDA:209,20,1,3430
DA:210,3430
BRDA:210,21,0,256
BRDA:210,21,1,3174
DA:212,3174
BRDA:212,22,0,256
BRDA:212,22,1,2918
DA:214,2918
DA:216,2918
BRDA:216,23,0,2406
BRDA:216,23,1,512
DA:217,512
DA:219,2918
DA:220,2918
DA:221,2918
DA:223,2918
BRDA:223,24,0,256
BRDA:223,24,1,2662
DA:225,2662
DA:227,2662
DA:229,2662
DA:235,13980
FN:235,266,Morpho.borrow
FNDA:13980,Morpho.borrow
DA:242,13980
DA:243,13980
BRDA:243,25,0,256
BRDA:243,25,1,13724
DA:244,13724
BRDA:244,26,0,512
BRDA:244,26,1,13212
DA:245,13212
BRDA:245,27,0,256
BRDA:245,27,1,12956
DA:247,12956
BRDA:247,28,0,256
BRDA:247,28,1,12700
DA:249,12700
DA:251,12700
BRDA:251,29,0,11931
BRDA:251,29,1,769
DA:252,769
DA:254,12700
DA:255,12700
DA:256,12700
DA:258,12700
BRDA:258,30,0,256
BRDA:258,30,1,12444
DA:259,12444
BRDA:259,31,0,256
BRDA:259,31,1,12188
DA:261,12188
DA:263,12188
DA:265,12188
DA:269,4190
FN:269,298,Morpho.repay
FNDA:4190,Morpho.repay
DA:276,4190
DA:277,4190
BRDA:277,32,0,256
BRDA:277,32,1,3934
DA:278,3934
BRDA:278,33,0,257
BRDA:278,33,1,3677
DA:279,3677
BRDA:279,34,0,256
BRDA:279,34,1,3421
DA:281,3421
DA:283,3421
BRDA:283,35,0,1927
BRDA:283,35,1,1494
DA:284,1494
DA:286,3421
DA:287,3421
DA:288,3421
DA:291,3421
DA:293,3421
BRDA:293,36,0,512
DA:295,3421
DA:297,3165
DA:303,16285
FN:303,320,Morpho.supplyCollateral
FNDA:16285,Morpho.supplyCollateral
DA:306,16285
DA:307,16285
BRDA:307,37,0,256
BRDA:307,37,1,16029
DA:308,16029
BRDA:308,38,0,256
BRDA:308,38,1,15773
DA:309,15773
BRDA:309,39,0,256
BRDA:309,39,1,15517
DA:313,15517
DA:315,15517
DA:317,15517
BRDA:317,40,0,512
DA:319,15517
DA:323,3698
FN:323,342,Morpho.withdrawCollateral
FNDA:3698,Morpho.withdrawCollateral
DA:326,3698
DA:327,3698
BRDA:327,41,0,256
BRDA:327,41,1,3442
DA:328,3442
BRDA:328,42,0,256
BRDA:328,42,1,3186
DA:329,3186
BRDA:329,43,0,256
BRDA:329,43,1,2930
DA:331,2930
BRDA:331,44,0,256
BRDA:331,44,1,2674
DA:333,2674
DA:335,2674
DA:337,2674
BRDA:337,45,0,256
BRDA:337,45,1,2418
DA:339,2418
DA:341,2418
DA:347,2627
FN:347,417,Morpho.liquidate
FNDA:2627,Morpho.liquidate
DA:354,2627
DA:355,2627
BRDA:355,46,0,256
BRDA:355,46,1,2371
DA:356,2371
BRDA:356,47,0,512
BRDA:356,47,1,1859
DA:358,1859
DA:361,1859
DA:363,1859
BRDA:363,48,0,512
BRDA:363,48,1,1347
DA:366,1347
DA:371,1347
BRDA:371,49,0,1052
BRDA:371,49,1,295
DA:372,1052
DA:374,1052
DA:378,295
DA:382,1347
DA:384,1347
DA:385,1347
DA:386,1347
DA:388,1347
DA:390,1347
DA:391,1347
DA:392,1347
BRDA:392,50,0,769
DA:393,769
DA:394,769
DA:399,769
DA:400,769
DA:401,769
DA:402,769
DA:406,1347
DA:410,1347
DA:412,1347
BRDA:412,51,0,256
DA:414,1347
DA:416,1091
DA:422,513
FN:422,432,Morpho.flashLoan
FNDA:513,Morpho.flashLoan
DA:423,513
BRDA:423,52,0,1
BRDA:423,52,1,512
DA:425,512
DA:427,512
DA:429,512
DA:431,512
DA:437,1405
FN:437,443,Morpho.setAuthorization
FNDA:1405,Morpho.setAuthorization
DA:438,1405
BRDA:438,53,0,512
BRDA:438,53,1,893
DA:440,893
DA:442,893
DA:446,1792
FN:446,464,Morpho.setAuthorizationWithSig
FNDA:1792,Morpho.setAuthorizationWithSig
DA:448,1792
BRDA:448,54,0,256
BRDA:448,54,1,1536
DA:449,1536
BRDA:449,55,0,512
BRDA:449,55,1,1024
DA:451,1024
DA:452,1024
DA:453,1024
DA:455,1024
BRDA:455,56,0,256
BRDA:455,56,1,768
DA:457,768
DA:459,768
DA:461,768
DA:467,19060
FN:467,469,Morpho._isSenderAuthorized
FNDA:19060,Morpho._isSenderAuthorized
DA:468,19060
DA:474,3072
FN:474,479,Morpho.accrueInterest
FNDA:3072,Morpho.accrueInterest
DA:475,3072
DA:476,3072
BRDA:476,57,0,256
BRDA:476,57,1,2816
DA:478,2816
DA:483,51556
FN:483,509,Morpho._accrueInterest
FNDA:51556,Morpho._accrueInterest
DA:484,51556
DA:485,51556
DA:487,24854
BRDA:487,59,0,24598
DA:488,24598
DA:489,24598
DA:490,24598
DA:491,24598
DA:493,24598
DA:494,24598
BRDA:494,60,0,7650
DA:495,7650
DA:498,7650
DA:500,7650
DA:501,7650
DA:504,24598
DA:508,24854
DA:515,15374
FN:515,521,Morpho._isHealthy
FNDA:15374,Morpho._isHealthy
DA:516,15374
DA:518,14370
DA:520,14370
DA:527,16229
FN:527,539,Morpho._isHealthy
FNDA:16229,Morpho._isHealthy
DA:532,16229
DA:535,16229
DA:538,16229
DA:544,98249
FN:544,556,Morpho.extSloads
FNDA:98249,Morpho.extSloads
DA:545,98249
DA:547,98249
DA:549,98249
DA:550,102345
DA:553,102345
FNF:24
FNH:24
LF:211
LH:211
BRF:112
BRH:110
end_of_record
TN:
SF:src/libraries/MarketParamsLib.sol
DA:16,156293
FN:16,20,MarketParamsLib.id
FNDA:156293,MarketParamsLib.id
DA:18,156293
FNF:1
FNH:1
LF:2
LH:2
BRF:0
BRH:0
end_of_record
TN:
SF:src/libraries/MathLib.sol
DA:12,70066
FN:12,14,MathLib.wMulDown
FNDA:70066,MathLib.wMulDown
DA:13,70066
DA:17,15942
FN:17,19,MathLib.wDivDown
FNDA:15942,MathLib.wDivDown
DA:18,15942
DA:22,17535
FN:22,24,MathLib.wDivUp
FNDA:17535,MathLib.wDivUp
DA:23,17535
DA:27,218346
FN:27,29,MathLib.mulDivDown
FNDA:218346,MathLib.mulDivDown
DA:28,218346
DA:32,90936
FN:32,34,MathLib.mulDivUp
FNDA:90936,MathLib.mulDivUp
DA:33,90936
DA:38,30221
FN:38,44,MathLib.wTaylorCompounded
FNDA:30221,MathLib.wTaylorCompounded
DA:39,30221
DA:40,30221
DA:41,30221
DA:43,30221
FNF:6
FNH:6
LF:15
LH:15
BRF:0
BRH:0
end_of_record
TN:
SF:src/libraries/SafeTransferLib.sol
DA:19,19895
FN:19,26,SafeTransferLib.safeTransfer
FNDA:19895,SafeTransferLib.safeTransfer
DA:20,19895
BRDA:20,0,0,256
BRDA:20,0,1,19639
DA:22,19639
DA:23,19639
DA:24,19639
BRDA:24,1,0,-
BRDA:24,1,1,19639
DA:25,19639
BRDA:25,2,0,256
BRDA:25,2,1,19383
DA:28,40577
FN:28,35,SafeTransferLib.safeTransferFrom
FNDA:40577,SafeTransferLib.safeTransferFrom
DA:29,40577
BRDA:29,3,0,768
BRDA:29,3,1,39809
DA:31,39809
DA:32,39809
DA:33,39809
BRDA:33,4,0,1280
BRDA:33,4,1,38529
DA:34,38529
BRDA:34,5,0,256
BRDA:34,5,1,38273
FNF:2
FNH:2
LF:12
LH:12
BRF:12
BRH:11
end_of_record
TN:
SF:src/libraries/SharesMathLib.sol
DA:27,35444
FN:27,29,SharesMathLib.toSharesDown
FNDA:35444,SharesMathLib.toSharesDown
DA:28,35444
DA:32,8395
FN:32,34,SharesMathLib.toAssetsDown
FNDA:8395,SharesMathLib.toAssetsDown
DA:33,8395
DA:37,16952
FN:37,39,SharesMathLib.toSharesUp
FNDA:16952,SharesMathLib.toSharesUp
DA:38,16952
DA:42,37890
FN:42,44,SharesMathLib.toAssetsUp
FNDA:37890,SharesMathLib.toAssetsUp
DA:43,37890
FNF:4
FNH:4
LF:8
LH:8
BRF:0
BRH:0
end_of_record
TN:
SF:src/libraries/UtilsLib.sol
DA:13,43752
FN:13,17,UtilsLib.exactlyOneZero
FNDA:43752,UtilsLib.exactlyOneZero
DA:15,43752
DA:20,2372
FN:20,24,UtilsLib.min
FNDA:2372,UtilsLib.min
DA:22,2372
DA:27,188865
FN:27,30,UtilsLib.toUint128
FNDA:188865,UtilsLib.toUint128
DA:28,188865
BRDA:28,0,0,256
BRDA:28,0,1,188609
DA:29,188609
DA:33,5024
FN:33,37,UtilsLib.zeroFloorSub
FNDA:5024,UtilsLib.zeroFloorSub
DA:35,5024
FNF:4
FNH:4
LF:9
LH:9
BRF:2
BRH:2
end_of_record
TN:
SF:src/libraries/periphery/MorphoBalancesLib.sol
DA:33,19823
FN:33,61,MorphoBalancesLib.expectedMarketBalances
FNDA:19823,MorphoBalancesLib.expectedMarketBalances
DA:38,19823
DA:39,19823
DA:41,19823
DA:44,19823
BRDA:44,0,0,4599
DA:45,4599
DA:46,4599
DA:47,4599
DA:48,4599
DA:50,4599
BRDA:50,1,0,4200
DA:51,4200
DA:54,4200
DA:55,4200
DA:56,4200
DA:60,19823
DA:64,256
FN:64,70,MorphoBalancesLib.expectedTotalSupplyAssets
FNDA:256,MorphoBalancesLib.expectedTotalSupplyAssets
DA:69,256
DA:73,256
FN:73,79,MorphoBalancesLib.expectedTotalBorrowAssets
FNDA:256,MorphoBalancesLib.expectedTotalBorrowAssets
DA:78,256
DA:82,256
FN:82,88,MorphoBalancesLib.expectedTotalSupplyShares
FNDA:256,MorphoBalancesLib.expectedTotalSupplyShares
DA:87,256
DA:94,4275
FN:94,104,MorphoBalancesLib.expectedSupplyAssets
FNDA:4275,MorphoBalancesLib.expectedSupplyAssets
DA:99,4275
DA:100,4275
DA:101,4275
DA:103,4275
DA:109,10410
FN:109,119,MorphoBalancesLib.expectedBorrowAssets
FNDA:10410,MorphoBalancesLib.expectedBorrowAssets
DA:114,10410
DA:115,10410
DA:116,10410
DA:118,10410
FNF:6
FNH:6
LF:31
LH:31
BRF:2
BRH:2
end_of_record
TN:
SF:src/libraries/periphery/MorphoLib.sol
DA:13,11749
FN:13,16,MorphoLib.supplyShares
FNDA:11749,MorphoLib.supplyShares
DA:14,11749
DA:15,11749
DA:18,21432
FN:18,21,MorphoLib.borrowShares
FNDA:21432,MorphoLib.borrowShares
DA:19,21432
DA:20,21432
DA:23,19624
FN:23,26,MorphoLib.collateral
FNDA:19624,MorphoLib.collateral
DA:24,19624
DA:25,19624
DA:28,11635
FN:28,31,MorphoLib.totalSupplyAssets
FNDA:11635,MorphoLib.totalSupplyAssets
DA:29,11635
DA:30,11635
DA:33,7190
FN:33,36,MorphoLib.totalSupplyShares
FNDA:7190,MorphoLib.totalSupplyShares
DA:34,7190
DA:35,7190
DA:38,11357
FN:38,41,MorphoLib.totalBorrowAssets
FNDA:11357,MorphoLib.totalBorrowAssets
DA:39,11357
DA:40,11357
DA:43,4608
FN:43,46,MorphoLib.totalBorrowShares
FNDA:4608,MorphoLib.totalBorrowShares
DA:44,4608
DA:45,4608
DA:48,3454
FN:48,51,MorphoLib.lastUpdate
FNDA:3454,MorphoLib.lastUpdate
DA:49,3454
DA:50,3454
DA:53,6688
FN:53,56,MorphoLib.fee
FNDA:6688,MorphoLib.fee
DA:54,6688
DA:55,6688
DA:58,97737
FN:58,62,MorphoLib._array
FNDA:97737,MorphoLib._array
DA:59,97737
DA:60,97737
DA:61,97737
FNF:10
FNH:10
LF:31
LH:31
BRF:0
BRH:0
end_of_record
TN:
SF:src/libraries/periphery/MorphoStorageLib.sol
DA:41,256
FN:41,43,MorphoStorageLib.ownerSlot
FNDA:256,MorphoStorageLib.ownerSlot
DA:42,256
DA:45,256
FN:45,47,MorphoStorageLib.feeRecipientSlot
FNDA:256,MorphoStorageLib.feeRecipientSlot
DA:46,256
DA:49,12005
FN:49,53,MorphoStorageLib.positionSupplySharesSlot
FNDA:12005,MorphoStorageLib.positionSupplySharesSlot
DA:50,12005
DA:55,41312
FN:55,60,MorphoStorageLib.positionBorrowSharesAndCollateralSlot
FNDA:41312,MorphoStorageLib.positionBorrowSharesAndCollateralSlot
DA:56,41312
DA:62,19081
FN:62,64,MorphoStorageLib.marketTotalSupplyAssetsAndSharesSlot
FNDA:19081,MorphoStorageLib.marketTotalSupplyAssetsAndSharesSlot
DA:63,19081
DA:66,16221
FN:66,68,MorphoStorageLib.marketTotalBorrowAssetsAndSharesSlot
FNDA:16221,MorphoStorageLib.marketTotalBorrowAssetsAndSharesSlot
DA:67,16221
DA:70,10398
FN:70,72,MorphoStorageLib.marketLastUpdateAndFeeSlot
FNDA:10398,MorphoStorageLib.marketLastUpdateAndFeeSlot
DA:71,10398
DA:74,256
FN:74,76,MorphoStorageLib.isIrmEnabledSlot
FNDA:256,MorphoStorageLib.isIrmEnabledSlot
DA:75,256
DA:78,256
FN:78,80,MorphoStorageLib.isLltvEnabledSlot
FNDA:256,MorphoStorageLib.isLltvEnabledSlot
DA:79,256
DA:82,256
FN:82,84,MorphoStorageLib.isAuthorizedSlot
FNDA:256,MorphoStorageLib.isAuthorizedSlot
DA:83,256
DA:86,256
FN:86,88,MorphoStorageLib.nonceSlot
FNDA:256,MorphoStorageLib.nonceSlot
DA:87,256
DA:90,256
FN:90,92,MorphoStorageLib.idToLoanTokenSlot
FNDA:256,MorphoStorageLib.idToLoanTokenSlot
DA:91,256
DA:94,256
FN:94,96,MorphoStorageLib.idToCollateralTokenSlot
FNDA:256,MorphoStorageLib.idToCollateralTokenSlot
DA:95,256
DA:98,256
FN:98,100,MorphoStorageLib.idToOracleSlot
FNDA:256,MorphoStorageLib.idToOracleSlot
DA:99,256
DA:102,256
FN:102,104,MorphoStorageLib.idToIrmSlot
FNDA:256,MorphoStorageLib.idToIrmSlot
DA:103,256
DA:106,256
FN:106,108,MorphoStorageLib.idToLltvSlot
FNDA:256,MorphoStorageLib.idToLltvSlot
DA:107,256
FNF:16
FNH:16
LF:32
LH:32
BRF:0
BRH:0
end_of_record
TN:
SF:src/mocks/ERC20Mock.sol
DA:12,38017
FN:12,17,ERC20Mock.setBalance
FNDA:38017,ERC20Mock.setBalance
DA:13,38017
BRDA:13,0,0,37489
BRDA:13,0,1,528
DA:14,528
DA:16,38017
DA:19,5096
FN:19,25,ERC20Mock.approve
FNDA:5096,ERC20Mock.approve
DA:20,5096
DA:22,5096
DA:24,5096
DA:27,19127
FN:27,36,ERC20Mock.transfer
FNDA:19127,ERC20Mock.transfer
DA:28,19127
BRDA:28,1,0,-
BRDA:28,1,1,19127
DA:30,19127
DA:31,19127
DA:33,19127
DA:35,19127
DA:38,39297
FN:38,51,ERC20Mock.transferFrom
FNDA:39297,ERC20Mock.transferFrom
DA:39,39297
BRDA:39,2,0,1280
BRDA:39,2,1,38017
DA:41,38017
DA:43,38017
BRDA:43,3,0,-
BRDA:43,3,1,38017
DA:45,38017
DA:46,38017
DA:48,38017
DA:50,38017
FNF:4
FNH:4
LF:22
LH:22
BRF:8
BRH:6
end_of_record
TN:
SF:src/mocks/FlashBorrowerMock.sol
DA:11,0
FN:11,13,FlashBorrowerMock.constructor
FNDA:0,FlashBorrowerMock.constructor
DA:12,0
DA:15,0
FN:15,17,FlashBorrowerMock.flashLoan
FNDA:0,FlashBorrowerMock.flashLoan
DA:16,0
DA:19,0
FN:19,23,FlashBorrowerMock.onMorphoFlashLoan
FNDA:0,FlashBorrowerMock.onMorphoFlashLoan
DA:20,0
BRDA:20,0,0,-
BRDA:20,0,1,-
DA:21,0
DA:22,0
FNF:3
FNH:0
LF:8
LH:0
BRF:2
BRH:0
end_of_record
TN:
SF:src/mocks/IrmMock.sol
DA:12,4599
FN:12,20,IrmMock.borrowRateView
FNDA:4599,IrmMock.borrowRateView
DA:13,32680
DA:15,11640
DA:19,11640
DA:22,28081
FN:22,24,IrmMock.borrowRate
FNDA:28081,IrmMock.borrowRate
DA:23,28081
FNF:2
FNH:2
LF:6
LH:6
BRF:0
BRH:0
end_of_record
TN:
SF:src/mocks/OracleMock.sol
DA:9,7766
FN:9,11,OracleMock.setPrice
FNDA:7766,OracleMock.setPrice
DA:10,7766
FNF:1
FNH:1
LF:2
LH:2
BRF:0
BRH:0
end_of_record
TN:
SF:test/forge/BaseTest.sol
DA:60,125
FN:60,117,BaseTest.setUp
FNDA:125,BaseTest.setUp
DA:61,125
DA:62,125
DA:63,125
DA:64,125
DA:65,125
DA:66,125
DA:67,125
DA:68,125
DA:70,125
DA:72,125
DA:73,125
DA:75,125
DA:76,125
DA:78,125
DA:80,125
DA:82,125
DA:84,125
DA:85,125
DA:86,125
DA:87,125
DA:88,125
DA:89,125
DA:91,125
DA:92,125
DA:94,125
DA:95,125
DA:96,125
DA:98,125
DA:99,125
DA:100,125
DA:102,125
DA:103,125
DA:104,125
DA:106,125
DA:107,125
DA:108,125
DA:110,125
DA:111,125
DA:112,125
DA:113,125
DA:114,125
DA:116,125
DA:119,1918
FN:119,129,BaseTest._setLltv
FNDA:1918,BaseTest._setLltv
DA:120,1918
DA:121,1918
DA:123,1918
DA:124,1918
BRDA:124,0,0,1917
DA:125,1918
BRDA:125,1,0,1917
DA:126,1918
DA:128,1918
DA:132,6503
FN:132,135,BaseTest._forward
FNDA:6503,BaseTest._forward
DA:133,6503
DA:134,6503
DA:138,2816
FN:138,140,BaseTest._boundBlocks
FNDA:2816,BaseTest._boundBlocks
DA:139,2816
DA:142,4610
FN:142,145,BaseTest._supply
FNDA:4610,BaseTest._supply
DA:143,4610
DA:144,4610
DA:147,0
FN:147,153,BaseTest._supplyCollateralForBorrower
FNDA:0,BaseTest._supplyCollateralForBorrower
DA:148,0
DA:149,0
DA:150,0
DA:151,0
DA:152,0
DA:155,5632
FN:155,178,BaseTest._boundHealthyPosition
FNDA:5632,BaseTest._boundHealthyPosition
DA:160,5632
DA:161,5632
DA:163,5632
DA:165,5632
BRDA:165,2,0,5387
BRDA:165,2,1,245
DA:166,5387
DA:168,245
DA:169,245
DA:175,5632
DA:176,5632
DA:177,5632
DA:180,1024
FN:180,194,BaseTest._boundUnhealthyPosition
FNDA:1024,BaseTest._boundUnhealthyPosition
DA:185,1024
DA:186,1024
DA:188,1024
DA:189,1024
DA:190,1024
DA:192,1024
DA:193,1024
DA:196,1792
FN:196,198,BaseTest._boundTestLltv
FNDA:1792,BaseTest._boundTestLltv
DA:197,1792
DA:200,2280
FN:200,210,BaseTest._boundSupplyCollateralAssets
FNDA:2280,BaseTest._boundSupplyCollateralAssets
DA:205,2280
DA:207,2280
DA:209,2280
DA:212,1680
FN:212,228,BaseTest._boundWithdrawCollateralAssets
FNDA:1680,BaseTest._boundWithdrawCollateralAssets
DA:217,1680
DA:219,1680
DA:220,1680
DA:221,1680
DA:223,1680
DA:230,2244
FN:230,238,BaseTest._boundSupplyAssets
FNDA:2244,BaseTest._boundSupplyAssets
DA:235,2244
DA:237,2244
DA:240,2070
FN:240,256,BaseTest._boundSupplyShares
FNDA:2070,BaseTest._boundSupplyShares
DA:245,2070
DA:247,2070
DA:249,2070
DA:258,1775
FN:258,269,BaseTest._boundWithdrawAssets
FNDA:1775,BaseTest._boundWithdrawAssets
DA:263,1775
DA:265,1775
DA:266,1775
DA:268,1775
DA:271,0
FN:271,285,BaseTest._boundWithdrawShares
FNDA:0,BaseTest._boundWithdrawShares
DA:276,0
DA:278,0
DA:279,0
DA:281,0
DA:282,0
DA:284,0
DA:287,1646
FN:287,299,BaseTest._boundBorrowAssets
FNDA:1646,BaseTest._boundBorrowAssets
DA:292,1646
DA:294,1646
DA:295,1646
DA:296,1646
DA:298,1646
DA:301,980
FN:301,312,BaseTest._boundRepayAssets
FNDA:980,BaseTest._boundRepayAssets
DA:306,980
DA:308,980
DA:309,980
DA:311,980
DA:314,1004
FN:314,324,BaseTest._boundRepayShares
FNDA:1004,BaseTest._boundRepayShares
DA:319,1004
DA:321,1004
DA:323,1004
DA:326,28
FN:326,343,BaseTest._boundLiquidateSeizedAssets
FNDA:28,BaseTest._boundLiquidateSeizedAssets
DA:331,28
DA:333,28
DA:334,28
DA:335,28
DA:336,28
DA:337,28
DA:341,28
DA:342,28
DA:345,42
FN:345,361,BaseTest._boundLiquidateRepaidShares
FNDA:42,BaseTest._boundLiquidateRepaidShares
DA:350,42
DA:352,42
DA:353,42
DA:356,42
DA:357,42
DA:359,42
DA:360,42
DA:363,8730
FN:363,369,BaseTest._maxBorrow
FNDA:8730,BaseTest._maxBorrow
DA:364,8730
DA:366,8730
DA:368,8730
DA:371,6828
FN:371,376,BaseTest._isHealthy
FNDA:6828,BaseTest._isHealthy
DA:372,6828
DA:373,6828
DA:375,6828
DA:378,865
FN:378,380,BaseTest._liquidationIncentiveFactor
FNDA:865,BaseTest._liquidationIncentiveFactor
DA:379,865
DA:382,1024
FN:382,384,BaseTest._boundValidLltv
FNDA:1024,BaseTest._boundValidLltv
DA:383,1024
DA:386,2304
FN:386,388,BaseTest.neq
FNDA:2304,BaseTest.neq
DA:387,2304
DA:390,21024
FN:390,394,BaseTest._randomCandidate
FNDA:21024,BaseTest._randomCandidate
DA:391,21024
DA:393,13749
DA:396,14430
FN:396,400,BaseTest._randomNonZero
FNDA:14430,BaseTest._randomNonZero
DA:397,14430
DA:399,14430
FNF:27
FNH:25
LF:167
LH:154
BRF:4
BRH:4
end_of_record
TN:
SF:test/forge/InvariantTest.sol
DA:15,6
FN:15,22,InvariantTest.setUp
FNDA:6,InvariantTest.setUp
DA:16,6
DA:18,6
DA:20,6
DA:21,6
DA:24,2157
FN:24,28,InvariantTest.logCall
FNDA:2157,InvariantTest.logCall
DA:25,2157
DA:30,0
FN:30,39,InvariantTest._targetSenders
FNDA:0,InvariantTest._targetSenders
DA:31,0
DA:32,0
DA:33,0
DA:34,0
DA:35,0
DA:36,0
DA:37,0
DA:38,0
DA:41,6
FN:41,48,InvariantTest._targetSender
FNDA:6,InvariantTest._targetSender
DA:42,6
DA:44,6
DA:45,6
DA:46,6
DA:47,6
DA:52,1769
FN:52,56,InvariantTest.mine
FNDA:1769,InvariantTest.mine
DA:53,1769
DA:55,1769
DA:60,2076
FN:60,77,InvariantTest._randomSupplier
FNDA:2076,InvariantTest._randomSupplier
DA:65,2076
DA:66,2076
DA:68,2076
DA:69,2076
DA:71,2076
BRDA:71,0,0,1775
DA:72,1775
DA:76,2076
DA:79,4360
FN:79,96,InvariantTest._randomBorrower
FNDA:4360,InvariantTest._randomBorrower
DA:84,4360
DA:85,4360
DA:87,4360
DA:88,4360
DA:90,4360
BRDA:90,1,0,1984
DA:91,1984
DA:95,4360
DA:98,4560
FN:98,115,InvariantTest._randomHealthyCollateralSupplier
FNDA:4560,InvariantTest._randomHealthyCollateralSupplier
DA:103,4560
DA:104,4560
DA:106,4560
DA:107,4560
DA:109,4560
BRDA:109,2,0,3326
DA:110,3326
DA:114,4560
DA:117,3434
FN:117,133,InvariantTest._randomUnhealthyBorrower
FNDA:3434,InvariantTest._randomUnhealthyBorrower
DA:122,3434
DA:124,3434
DA:125,3434
DA:127,3434
BRDA:127,3,0,70
DA:128,70
DA:132,3434
FNF:9
FNH:8
LF:56
LH:47
BRF:4
BRH:4
end_of_record
TN:
SF:test/forge/helpers/ArrayLib.sol
DA:5,14430
FN:5,21,ArrayLib.removeAll
FNDA:14430,ArrayLib.removeAll
DA:6,14430
DA:8,14430
DA:9,14430
DA:10,14430
DA:12,14430
BRDA:12,0,0,7155
DA:13,7155
DA:14,7155
DA:19,14430
FNF:1
FNH:1
LF:9
LH:9
BRF:1
BRH:1
end_of_record
TN:
SF:test/forge/helpers/Math.sol
DA:5,768
FN:5,7,Math.max
FNDA:768,Math.max
DA:6,768
DA:9,10070
FN:9,11,Math.min
FNDA:10070,Math.min
DA:10,10070
DA:13,8274
FN:13,15,Math.zeroFloorSub
FNDA:8274,Math.zeroFloorSub
DA:14,8274
FNF:3
FNH:3
LF:6
LH:6
BRF:0
BRH:0
end_of_record
TN:
SF:test/forge/helpers/SigUtils.sol
DA:10,1536
FN:10,16,SigUtils.getTypedDataHash
FNDA:1536,SigUtils.getTypedDataHash
DA:15,1536
DA:18,1536
FN:18,29,SigUtils.hashStruct
FNDA:1536,SigUtils.hashStruct
DA:19,1536
FNF:2
FNH:2
LF:4
LH:4
BRF:0
BRH:0
end_of_record
TN:
SF:test/forge/helpers/WadMath.sol
DA:15,256
FN:15,21,WadMath.wadDivUp
FNDA:256,WadMath.wadDivUp
DA:16,256
DA:18,256
DA:20,256
DA:23,256
FN:23,28,WadMath.wadExpUp
FNDA:256,WadMath.wadExpUp
DA:24,256
DA:25,256
BRDA:25,0,0,-
BRDA:25,0,1,256
DA:26,256
DA:27,256
DA:36,256
FN:36,165,WadMath.pow_2
FNDA:256,WadMath.pow_2
DA:38,256
DA:39,256
BRDA:39,1,0,213
DA:40,256
BRDA:40,2,0,187
DA:41,256
BRDA:41,3,0,59
DA:42,256
BRDA:42,4,0,47
DA:43,256
BRDA:43,5,0,196
DA:44,256
BRDA:44,6,0,58
DA:45,256
BRDA:45,7,0,202
DA:46,256
BRDA:46,8,0,202
DA:47,256
BRDA:47,9,0,64
DA:48,256
BRDA:48,10,0,198
DA:49,256
BRDA:49,11,0,196
DA:50,256
BRDA:50,12,0,189
DA:51,256
BRDA:51,13,0,68
DA:52,256
BRDA:52,14,0,59
DA:53,256
BRDA:53,15,0,64
DA:54,256
BRDA:54,16,0,193
DA:55,256
BRDA:55,17,0,186
DA:56,256
BRDA:56,18,0,180
DA:57,256
BRDA:57,19,0,74
DA:58,256
BRDA:58,20,0,179
DA:59,256
BRDA:59,21,0,74
DA:60,256
BRDA:60,22,0,181
DA:61,256
BRDA:61,23,0,89
DA:62,256
BRDA:62,24,0,161
DA:63,256
BRDA:63,25,0,70
DA:64,256
BRDA:64,26,0,167
DA:65,256
BRDA:65,27,0,72
DA:66,256
BRDA:66,28,0,160
DA:67,256
BRDA:67,29,0,98
DA:68,256
BRDA:68,30,0,100
DA:69,256
BRDA:69,31,0,99
DA:70,256
BRDA:70,32,0,146
DA:71,256
BRDA:71,33,0,141
DA:72,256
BRDA:72,34,0,106
DA:73,256
BRDA:73,35,0,141
DA:74,256
BRDA:74,36,0,118
DA:75,256
BRDA:75,37,0,138
DA:76,256
BRDA:76,38,0,130
DA:77,256
BRDA:77,39,0,140
DA:78,256
BRDA:78,40,0,137
DA:79,256
BRDA:79,41,0,125
DA:80,256
BRDA:80,42,0,130
DA:81,256
BRDA:81,43,0,138
DA:82,256
BRDA:82,44,0,136
DA:83,256
BRDA:83,45,0,127
DA:84,256
BRDA:84,46,0,134
DA:85,256
BRDA:85,47,0,130
DA:86,256
BRDA:86,48,0,135
DA:87,256
BRDA:87,49,0,122
DA:88,256
BRDA:88,50,0,121
DA:89,256
BRDA:89,51,0,126
DA:90,256
BRDA:90,52,0,132
DA:91,256
BRDA:91,53,0,128
DA:92,256
BRDA:92,54,0,138
DA:93,256
BRDA:93,55,0,134
DA:94,256
BRDA:94,56,0,122
DA:95,256
BRDA:95,57,0,135
DA:96,256
BRDA:96,58,0,131
DA:97,256
BRDA:97,59,0,133
DA:98,256
BRDA:98,60,0,123
DA:99,256
BRDA:99,61,0,120
DA:100,256
BRDA:100,62,0,138
DA:101,256
BRDA:101,63,0,132
DA:102,256
BRDA:102,64,0,135
DA:103,256
BRDA:103,65,0,123
DA:104,256
BRDA:104,66,0,118
DA:105,256
BRDA:105,67,0,129
DA:106,256
BRDA:106,68,0,130
DA:107,256
BRDA:107,69,0,127
DA:108,256
BRDA:108,70,0,129
DA:109,256
BRDA:109,71,0,111
DA:110,256
BRDA:110,72,0,126
DA:111,256
BRDA:111,73,0,123
DA:112,256
BRDA:112,74,0,126
DA:113,256
BRDA:113,75,0,129
DA:114,256
BRDA:114,76,0,143
DA:115,256
BRDA:115,77,0,137
DA:116,256
BRDA:116,78,0,139
DA:117,256
BRDA:117,79,0,135
DA:118,256
BRDA:118,80,0,116
DA:119,256
BRDA:119,81,0,122
DA:120,256
BRDA:120,82,0,127
DA:121,256
BRDA:121,83,0,132
DA:122,256
BRDA:122,84,0,128
DA:123,256
BRDA:123,85,0,120
DA:124,256
BRDA:124,86,0,141
DA:125,256
BRDA:125,87,0,126
DA:126,256
BRDA:126,88,0,136
DA:127,256
BRDA:127,89,0,134
DA:128,256
BRDA:128,90,0,131
DA:129,256
BRDA:129,91,0,123
DA:130,256
BRDA:130,92,0,118
DA:131,256
BRDA:131,93,0,119
DA:132,256
BRDA:132,94,0,130
DA:133,256
BRDA:133,95,0,118
DA:134,256
BRDA:134,96,0,129
DA:135,256
BRDA:135,97,0,135
DA:136,256
BRDA:136,98,0,131
DA:137,256
BRDA:137,99,0,116
DA:138,256
BRDA:138,100,0,135
DA:139,256
BRDA:139,101,0,129
DA:140,256
BRDA:140,102,0,113
DA:141,256
BRDA:141,103,0,120
DA:142,256
BRDA:142,104,0,139
DA:143,256
BRDA:143,105,0,130
DA:144,256
BRDA:144,106,0,136
DA:145,256
BRDA:145,107,0,113
DA:146,256
BRDA:146,108,0,122
DA:147,256
BRDA:147,109,0,127
DA:148,256
BRDA:148,110,0,129
DA:149,256
BRDA:149,111,0,137
DA:150,256
BRDA:150,112,0,144
DA:151,256
BRDA:151,113,0,129
DA:152,256
BRDA:152,114,0,120
DA:153,256
BRDA:153,115,0,133
DA:154,256
BRDA:154,116,0,119
DA:155,256
BRDA:155,117,0,138
DA:156,256
BRDA:156,118,0,136
DA:157,256
BRDA:157,119,0,76
DA:158,256
BRDA:158,120,0,191
DA:159,256
BRDA:159,121,0,256
DA:161,256
DA:163,256
FNF:3
FNH:3
LF:134
LH:134
BRF:123
BRH:122
end_of_record
TN:
SF:test/forge/invariant/BaseInvariantTest.sol
DA:17,6
FN:17,19,BaseInvariantTest.constructor
FNDA:6,BaseInvariantTest.constructor
DA:18,6
DA:21,6
FN:21,51,BaseInvariantTest.setUp
FNDA:6,BaseInvariantTest.setUp
DA:22,6
DA:23,6
DA:24,6
DA:25,6
DA:26,6
DA:27,6
DA:28,6
DA:29,6
DA:31,6
DA:33,6
DA:35,6
DA:36,30
DA:44,30
DA:45,30
DA:46,30
DA:47,30
DA:49,30
DA:53,6
FN:53,55,BaseInvariantTest._targetSenders
FNDA:6,BaseInvariantTest._targetSenders
DA:54,6
DA:57,1650
FN:57,69,BaseInvariantTest.authorized
FNDA:1650,BaseInvariantTest.authorized
DA:58,1650
BRDA:58,0,0,-
DA:59,0
DA:60,0
DA:65,1650
BRDA:65,1,0,-
DA:66,0
DA:67,0
DA:71,22592
FN:71,73,BaseInvariantTest._randomMarket
FNDA:22592,BaseInvariantTest._randomMarket
DA:72,22592
DA:75,2157
FN:75,83,BaseInvariantTest._supplyAssets
FNDA:2157,BaseInvariantTest._supplyAssets
DA:79,2157
DA:81,2157
DA:82,2157
DA:85,2017
FN:85,95,BaseInvariantTest._supplyShares
FNDA:2017,BaseInvariantTest._supplyShares
DA:89,2017
DA:91,2017
DA:93,2017
DA:94,2017
DA:97,1638
FN:97,106,BaseInvariantTest._withdraw
FNDA:1638,BaseInvariantTest._withdraw
DA:104,1638
DA:105,1638
DA:108,1469
FN:108,117,BaseInvariantTest._borrow
FNDA:1469,BaseInvariantTest._borrow
DA:115,1469
DA:116,1469
DA:119,903
FN:119,127,BaseInvariantTest._repayAssets
FNDA:903,BaseInvariantTest._repayAssets
DA:123,903
DA:125,903
DA:126,903
DA:129,982
FN:129,139,BaseInvariantTest._repayShares
FNDA:982,BaseInvariantTest._repayShares
DA:133,982
DA:135,982
DA:137,982
DA:138,982
DA:141,2239
FN:141,149,BaseInvariantTest._supplyCollateral
FNDA:2239,BaseInvariantTest._supplyCollateral
DA:145,2239
DA:147,2239
DA:148,2239
DA:151,1650
FN:151,158,BaseInvariantTest._withdrawCollateral
FNDA:1650,BaseInvariantTest._withdrawCollateral
DA:156,1650
DA:157,1650
DA:160,27
FN:160,176,BaseInvariantTest._liquidateSeizedAssets
FNDA:27,BaseInvariantTest._liquidateSeizedAssets
DA:164,27
DA:165,27
DA:166,27
DA:167,27
DA:168,27
DA:169,27
DA:170,27
DA:172,27
DA:174,27
DA:175,27
DA:178,38
FN:178,188,BaseInvariantTest._liquidateRepaidShares
FNDA:38,BaseInvariantTest._liquidateRepaidShares
DA:182,38
DA:184,38
DA:186,38
DA:187,38
DA:192,1568
FN:192,201,BaseInvariantTest.setFeeNoRevert
FNDA:1568,BaseInvariantTest.setFeeNoRevert
DA:193,1568
DA:194,1568
DA:196,1568
DA:197,1568
DA:199,1563
DA:200,1563
DA:203,2244
FN:203,212,BaseInvariantTest.supplyAssetsOnBehalfNoRevert
FNDA:2244,BaseInvariantTest.supplyAssetsOnBehalfNoRevert
DA:204,2244
DA:206,2244
DA:208,2244
DA:209,2244
DA:211,2157
DA:214,2070
FN:214,223,BaseInvariantTest.supplySharesOnBehalfNoRevert
FNDA:2070,BaseInvariantTest.supplySharesOnBehalfNoRevert
DA:215,2070
DA:217,2070
DA:219,2070
DA:220,2070
DA:222,2017
DA:225,2076
FN:225,239,BaseInvariantTest.withdrawAssetsOnBehalfNoRevert
FNDA:2076,BaseInvariantTest.withdrawAssetsOnBehalfNoRevert
DA:228,2076
DA:230,2076
DA:232,2076
DA:233,2076
DA:235,1775
DA:236,1775
DA:238,1638
DA:241,2215
FN:241,255,BaseInvariantTest.borrowAssetsOnBehalfNoRevert
FNDA:2215,BaseInvariantTest.borrowAssetsOnBehalfNoRevert
DA:244,2215
DA:246,2214
DA:248,2214
DA:249,2214
DA:251,1646
DA:252,1646
DA:254,1469
DA:257,2214
FN:257,267,BaseInvariantTest.repayAssetsOnBehalfNoRevert
FNDA:2214,BaseInvariantTest.repayAssetsOnBehalfNoRevert
DA:258,2214
DA:260,2214
DA:261,2214
DA:263,980
DA:264,980
DA:266,903
DA:269,2146
FN:269,279,BaseInvariantTest.repaySharesOnBehalfNoRevert
FNDA:2146,BaseInvariantTest.repaySharesOnBehalfNoRevert
DA:270,2146
DA:272,2146
DA:273,2146
DA:275,1004
DA:276,1004
DA:278,982
DA:281,2280
FN:281,290,BaseInvariantTest.supplyCollateralOnBehalfNoRevert
FNDA:2280,BaseInvariantTest.supplyCollateralOnBehalfNoRevert
DA:282,2280
DA:284,2280
DA:286,2280
DA:287,2280
DA:289,2239
DA:292,2347
FN:292,309,BaseInvariantTest.withdrawCollateralOnBehalfNoRevert
FNDA:2347,BaseInvariantTest.withdrawCollateralOnBehalfNoRevert
DA:298,2347
DA:300,2346
DA:302,2346
DA:303,2346
DA:305,1680
DA:306,1680
DA:308,1650
DA:311,1729
FN:311,321,BaseInvariantTest.liquidateSeizedAssetsNoRevert
FNDA:1729,BaseInvariantTest.liquidateSeizedAssetsNoRevert
DA:312,1729
DA:314,1729
DA:315,1729
DA:317,28
DA:318,28
DA:320,27
DA:323,1705
FN:323,333,BaseInvariantTest.liquidateRepaidSharesNoRevert
FNDA:1705,BaseInvariantTest.liquidateRepaidSharesNoRevert
DA:324,1705
DA:326,1705
DA:327,1705
DA:329,42
DA:330,42
DA:332,38
FNF:26
FNH:26
LF:155
LH:151
BRF:2
BRH:0
end_of_record
TN:
SF:test/forge/libraries/SafeTransferLibTest.sol
DA:13,256
FN:13,16,ERC20WithoutBoolean.transfer
FNDA:256,ERC20WithoutBoolean.transfer
DA:14,256
DA:15,256
DA:18,256
FN:18,22,ERC20WithoutBoolean.transferFrom
FNDA:256,ERC20WithoutBoolean.transferFrom
DA:20,256
DA:21,256
DA:24,512
FN:24,26,ERC20WithoutBoolean.setBalance
FNDA:512,ERC20WithoutBoolean.setBalance
DA:25,512
DA:33,256
FN:33,37,ERC20WithBooleanAlwaysFalse.transfer
FNDA:256,ERC20WithBooleanAlwaysFalse.transfer
DA:34,256
DA:35,256
DA:36,256
DA:39,256
FN:39,44,ERC20WithBooleanAlwaysFalse.transferFrom
FNDA:256,ERC20WithBooleanAlwaysFalse.transferFrom
DA:41,256
DA:42,256
DA:43,256
DA:46,512
FN:46,48,ERC20WithBooleanAlwaysFalse.setBalance
FNDA:512,ERC20WithBooleanAlwaysFalse.setBalance
DA:47,512
FNF:6
FNH:6
LF:18
LH:18
BRF:0
BRH:0
end_of_record
