TN:
SF:src/Morpho.sol
DA:75,127
FN:75,82,Morpho.constructor
FNDA:127,Morpho.constructor
DA:76,127
BRDA:76,0,0,-
BRDA:76,0,1,-
DA:78,126
DA:79,127
DA:81,126
DA:87,513
FN:87,90,Morpho.onlyOwner
FNDA:513,Morpho.onlyOwner
DA:88,513
BRDA:88,1,0,-
BRDA:88,1,1,-
DA:95,257
FN:95,101,Morpho.setOwner
FNDA:257,Morpho.setOwner
DA:96,257
BRDA:96,2,0,-
BRDA:96,2,1,-
DA:98,256
DA:100,256
DA:104,763
FN:104,110,Morpho.enableIrm
FNDA:763,Morpho.enableIrm
DA:105,763
BRDA:105,3,0,-
BRDA:105,3,1,-
DA:107,763
DA:109,762
DA:113,3339
FN:113,120,Morpho.enableLltv
FNDA:3339,Morpho.enableLltv
DA:114,3339
BRDA:114,4,0,-
BRDA:114,4,1,-
DA:115,3338
BRDA:115,5,0,-
BRDA:115,5,1,-
DA:117,3339
DA:119,3082
DA:123,6670
FN:123,136,Morpho.setFee
FNDA:6670,Morpho.setFee
DA:124,6670
DA:125,6670
BRDA:125,6,0,-
BRDA:125,6,1,-
DA:126,6414
BRDA:126,7,0,-
BRDA:126,7,1,-
DA:127,6414
BRDA:127,8,0,-
BRDA:127,8,1,-
DA:130,6670
DA:133,6670
DA:135,6158
DA:139,381
FN:139,145,Morpho.setFeeRecipient
FNDA:381,Morpho.setFeeRecipient
DA:140,381
BRDA:140,9,0,-
BRDA:140,9,1,-
DA:142,381
DA:144,381
DA:150,4508
FN:150,164,Morpho.createMarket
FNDA:4508,Morpho.createMarket
DA:151,4508
DA:152,4508
BRDA:152,10,0,-
BRDA:152,10,1,-
DA:153,3996
BRDA:153,11,0,-
BRDA:153,11,1,-
DA:154,3740
BRDA:154,12,0,-
BRDA:154,12,1,-
DA:157,3484
DA:158,3484
DA:160,3484
DA:163,3484
BRDA:163,13,0,3228
DA:169,19780
FN:169,197,Morpho.supply
FNDA:19780,Morpho.supply
DA:176,19780
DA:177,19780
BRDA:177,14,0,-
BRDA:177,14,1,-
DA:178,19524
BRDA:178,15,0,-
BRDA:178,15,1,-
DA:179,19267
BRDA:179,16,0,-
BRDA:179,16,1,-
DA:181,19011
DA:183,19011
BRDA:183,17,0,16482
BRDA:183,17,1,2529
DA:184,2529
DA:186,19011
DA:187,19011
DA:188,16482
DA:190,19011
DA:192,19011
BRDA:192,18,0,256
DA:194,19011
DA:196,18499
DA:200,4175
FN:200,230,Morpho.withdraw
FNDA:4175,Morpho.withdraw
DA:207,4175
DA:208,4175
BRDA:208,19,0,-
BRDA:208,19,1,-
DA:209,3919
BRDA:209,20,0,-
BRDA:209,20,1,-
DA:210,3407
BRDA:210,21,0,-
BRDA:210,21,1,-
DA:212,3151
BRDA:212,22,0,-
BRDA:212,22,1,-
DA:214,2895
DA:216,2895
BRDA:216,23,0,2383
BRDA:216,23,1,512
DA:217,512
DA:219,2895
DA:220,2895
DA:221,2895
DA:223,2383
BRDA:223,24,0,-
BRDA:223,24,1,-
DA:225,2639
DA:227,2383
DA:229,2639
DA:235,13979
FN:235,266,Morpho.borrow
FNDA:13979,Morpho.borrow
DA:242,13979
DA:243,13979
BRDA:243,25,0,-
BRDA:243,25,1,-
DA:244,13723
BRDA:244,26,0,-
BRDA:244,26,1,-
DA:245,13211
BRDA:245,27,0,-
BRDA:245,27,1,-
DA:247,12955
BRDA:247,28,0,-
BRDA:247,28,1,-
DA:249,12699
DA:251,12699
BRDA:251,29,0,11930
BRDA:251,29,1,769
DA:252,769
DA:254,12699
DA:255,12699
DA:256,12699
DA:258,12699
BRDA:258,30,0,-
BRDA:258,30,1,-
DA:259,11930
BRDA:259,31,0,-
BRDA:259,31,1,-
DA:261,12187
DA:263,11930
DA:265,12187
DA:269,4099
FN:269,298,Morpho.repay
FNDA:4099,Morpho.repay
DA:276,4099
DA:277,4099
BRDA:277,32,0,-
BRDA:277,32,1,-
DA:278,3843
BRDA:278,33,0,-
BRDA:278,33,1,-
DA:279,3586
BRDA:279,34,0,-
BRDA:279,34,1,-
DA:281,3330
DA:283,3330
BRDA:283,35,0,1905
BRDA:283,35,1,1425
DA:284,1425
DA:286,3330
DA:287,3330
DA:288,1905
DA:291,3330
DA:293,3330
BRDA:293,36,0,512
DA:295,3330
DA:297,3074
DA:303,16294
FN:303,320,Morpho.supplyCollateral
FNDA:16294,Morpho.supplyCollateral
DA:306,16294
DA:307,16294
BRDA:307,37,0,-
BRDA:307,37,1,-
DA:308,16038
BRDA:308,38,0,-
BRDA:308,38,1,-
DA:309,15782
BRDA:309,39,0,-
BRDA:309,39,1,-
DA:313,15526
DA:315,15526
DA:317,15526
BRDA:317,40,0,512
DA:319,15526
DA:323,3716
FN:323,342,Morpho.withdrawCollateral
FNDA:3716,Morpho.withdrawCollateral
DA:326,3716
DA:327,3716
BRDA:327,41,0,-
BRDA:327,41,1,-
DA:328,3460
BRDA:328,42,0,-
BRDA:328,42,1,-
DA:329,3716
BRDA:329,43,0,-
BRDA:329,43,1,-
DA:331,2948
BRDA:331,44,0,-
BRDA:331,44,1,-
DA:333,2692
DA:335,2692
DA:337,2692
BRDA:337,45,0,-
BRDA:337,45,1,-
DA:339,2436
DA:341,3716
DA:347,2638
FN:347,417,Morpho.liquidate
FNDA:2638,Morpho.liquidate
DA:354,2638
DA:355,2638
BRDA:355,46,0,-
BRDA:355,46,1,-
DA:356,2382
BRDA:356,47,0,-
BRDA:356,47,1,-
DA:358,1870
DA:361,2638
DA:363,1870
BRDA:363,48,0,-
BRDA:363,48,1,-
DA:366,1358
DA:371,1358
BRDA:371,49,0,1060
BRDA:371,49,1,298
DA:372,1060
DA:374,1060
DA:378,298
DA:382,1358
DA:384,1358
DA:385,1358
DA:386,1358
DA:388,1358
DA:390,1358
DA:391,1358
DA:392,1358
BRDA:392,50,0,769
DA:393,769
DA:394,769
DA:399,769
DA:400,769
DA:401,769
DA:402,769
DA:406,1358
DA:410,1358
DA:412,1358
BRDA:412,51,0,256
DA:414,1358
DA:416,1102
DA:422,513
FN:422,432,Morpho.flashLoan
FNDA:513,Morpho.flashLoan
DA:423,513
BRDA:423,52,0,-
BRDA:423,52,1,-
DA:425,512
DA:427,512
DA:429,512
DA:431,512
DA:437,1405
FN:437,443,Morpho.setAuthorization
FNDA:1405,Morpho.setAuthorization
DA:438,1405
BRDA:438,53,0,-
BRDA:438,53,1,-
DA:440,1405
DA:442,1405
DA:446,1792
FN:446,464,Morpho.setAuthorizationWithSig
FNDA:1792,Morpho.setAuthorizationWithSig
DA:448,1792
BRDA:448,54,0,-
BRDA:448,54,1,-
DA:449,1536
BRDA:449,55,0,-
BRDA:449,55,1,-
DA:451,1024
DA:452,1024
DA:453,1536
DA:455,1024
BRDA:455,56,0,1024
BRDA:455,56,1,1024
DA:457,1024
DA:459,768
DA:461,768
DA:467,19054
FN:467,469,Morpho._isSenderAuthorized
FNDA:19054,Morpho._isSenderAuthorized
DA:468,19054
DA:474,3072
FN:474,479,Morpho.accrueInterest
FNDA:3072,Morpho.accrueInterest
DA:475,3072
DA:476,3072
BRDA:476,57,0,-
BRDA:476,57,1,-
DA:478,3072
DA:483,51471
FN:483,509,Morpho._accrueInterest
FNDA:51471,Morpho._accrueInterest
DA:484,51471
DA:485,51471
DA:487,24822
BRDA:487,59,0,24566
DA:488,24566
DA:489,24566
DA:490,24566
DA:491,24566
DA:493,24566
DA:494,24566
BRDA:494,60,0,7657
DA:495,7657
DA:498,7657
DA:500,7657
DA:501,7657
DA:504,24566
DA:508,24822
DA:515,15391
FN:515,521,Morpho._isHealthy
FNDA:15391,Morpho._isHealthy
DA:516,15391
DA:518,14395
DA:520,14395
DA:527,16265
FN:527,539,Morpho._isHealthy
FNDA:16265,Morpho._isHealthy
DA:532,16265
DA:535,16265
DA:538,16265
DA:544,98343
FN:544,556,Morpho.extSloads
FNDA:98343,Morpho.extSloads
DA:545,98343
DA:547,98343
DA:549,98343
DA:550,102439
DA:553,0
FNF:24
FNH:24
LF:211
LH:210
BRF:112
BRH:20
end_of_record
TN:
SF:src/libraries/MarketParamsLib.sol
DA:16,156257
FN:16,20,MarketParamsLib.id
FNDA:156257,MarketParamsLib.id
DA:18,0
FNF:1
FNH:1
LF:2
LH:1
BRF:0
BRH:0
end_of_record
TN:
SF:src/libraries/MathLib.sol
DA:12,69964
FN:12,14,MathLib.wMulDown
FNDA:69964,MathLib.wMulDown
DA:13,69964
DA:17,15882
FN:17,19,MathLib.wDivDown
FNDA:15882,MathLib.wDivDown
DA:18,15882
DA:22,17576
FN:22,24,MathLib.wDivUp
FNDA:17576,MathLib.wDivUp
DA:23,17576
DA:27,217929
FN:27,29,MathLib.mulDivDown
FNDA:217929,MathLib.mulDivDown
DA:28,217929
DA:32,90961
FN:32,34,MathLib.mulDivUp
FNDA:90961,MathLib.mulDivUp
DA:33,90961
DA:38,30098
FN:38,44,MathLib.wTaylorCompounded
FNDA:30098,MathLib.wTaylorCompounded
DA:39,30098
DA:40,30098
DA:41,30098
DA:43,30098
FNF:6
FNH:6
LF:15
LH:15
BRF:0
BRH:0
end_of_record
TN:
SF:src/libraries/SafeTransferLib.sol
DA:19,19900
FN:19,26,SafeTransferLib.safeTransfer
FNDA:19900,SafeTransferLib.safeTransfer
DA:20,19900
BRDA:20,0,0,-
BRDA:20,0,1,-
DA:22,19900
DA:23,19900
DA:24,19644
BRDA:24,1,0,-
BRDA:24,1,1,-
DA:25,19900
BRDA:25,2,0,19644
BRDA:25,2,1,19388
DA:28,40505
FN:28,35,SafeTransferLib.safeTransferFrom
FNDA:40505,SafeTransferLib.safeTransferFrom
DA:29,40505
BRDA:29,3,0,-
BRDA:29,3,1,-
DA:31,40505
DA:32,40505
DA:33,39737
BRDA:33,4,0,-
BRDA:33,4,1,-
DA:34,40505
BRDA:34,5,0,38457
BRDA:34,5,1,38201
FNF:2
FNH:2
LF:12
LH:12
BRF:12
BRH:4
end_of_record
TN:
SF:src/libraries/SharesMathLib.sol
DA:27,35365
FN:27,29,SharesMathLib.toSharesDown
FNDA:35365,SharesMathLib.toSharesDown
DA:28,35365
DA:32,8411
FN:32,34,SharesMathLib.toAssetsDown
FNDA:8411,SharesMathLib.toAssetsDown
DA:33,8411
DA:37,16944
FN:37,39,SharesMathLib.toSharesUp
FNDA:16944,SharesMathLib.toSharesUp
DA:38,16944
DA:42,37841
FN:42,44,SharesMathLib.toAssetsUp
FNDA:37841,SharesMathLib.toAssetsUp
DA:43,37841
FNF:4
FNH:4
LF:8
LH:8
BRF:0
BRH:0
end_of_record
TN:
SF:src/libraries/UtilsLib.sol
DA:13,43647
FN:13,17,UtilsLib.exactlyOneZero
FNDA:43647,UtilsLib.exactlyOneZero
DA:15,0
DA:20,2383
FN:20,24,UtilsLib.min
FNDA:2383,UtilsLib.min
DA:22,0
DA:27,188307
FN:27,30,UtilsLib.toUint128
FNDA:188307,UtilsLib.toUint128
DA:28,188307
BRDA:28,0,0,-
BRDA:28,0,1,-
DA:29,188307
DA:33,4944
FN:33,37,UtilsLib.zeroFloorSub
FNDA:4944,UtilsLib.zeroFloorSub
DA:35,0
FNF:4
FNH:4
LF:9
LH:6
BRF:2
BRH:0
end_of_record
TN:
SF:src/libraries/periphery/MorphoBalancesLib.sol
DA:33,19812
FN:33,61,MorphoBalancesLib.expectedMarketBalances
FNDA:19812,MorphoBalancesLib.expectedMarketBalances
DA:38,19812
DA:39,19812
DA:41,19812
DA:44,19812
BRDA:44,0,0,4508
DA:45,4508
DA:46,4508
DA:47,4508
DA:48,4508
DA:50,4508
BRDA:50,1,0,4134
DA:51,4134
DA:54,4134
DA:55,4134
DA:56,4134
DA:60,19812
DA:64,256
FN:64,70,MorphoBalancesLib.expectedTotalSupplyAssets
FNDA:256,MorphoBalancesLib.expectedTotalSupplyAssets
DA:69,256
DA:73,256
FN:73,79,MorphoBalancesLib.expectedTotalBorrowAssets
FNDA:256,MorphoBalancesLib.expectedTotalBorrowAssets
DA:78,256
DA:82,256
FN:82,88,MorphoBalancesLib.expectedTotalSupplyShares
FNDA:256,MorphoBalancesLib.expectedTotalSupplyShares
DA:87,256
DA:94,4296
FN:94,104,MorphoBalancesLib.expectedSupplyAssets
FNDA:4296,MorphoBalancesLib.expectedSupplyAssets
DA:99,4296
DA:100,4296
DA:101,4296
DA:103,4296
DA:109,10441
FN:109,119,MorphoBalancesLib.expectedBorrowAssets
FNDA:10441,MorphoBalancesLib.expectedBorrowAssets
DA:114,10441
DA:115,10441
DA:116,10441
DA:118,10441
FNF:6
FNH:6
LF:31
LH:31
BRF:2
BRH:2
end_of_record
TN:
SF:src/libraries/periphery/MorphoLib.sol
DA:13,11767
FN:13,16,MorphoLib.supplyShares
FNDA:11767,MorphoLib.supplyShares
DA:14,11767
DA:15,11767
DA:18,21398
FN:18,21,MorphoLib.borrowShares
FNDA:21398,MorphoLib.borrowShares
DA:19,21398
DA:20,21398
DA:23,19669
FN:23,26,MorphoLib.collateral
FNDA:19669,MorphoLib.collateral
DA:24,19669
DA:25,19669
DA:28,11667
FN:28,31,MorphoLib.totalSupplyAssets
FNDA:11667,MorphoLib.totalSupplyAssets
DA:29,11667
DA:30,11667
DA:33,7190
FN:33,36,MorphoLib.totalSupplyShares
FNDA:7190,MorphoLib.totalSupplyShares
DA:34,7190
DA:35,7190
DA:38,11389
FN:38,41,MorphoLib.totalBorrowAssets
FNDA:11389,MorphoLib.totalBorrowAssets
DA:39,11389
DA:40,11389
DA:43,4608
FN:43,46,MorphoLib.totalBorrowShares
FNDA:4608,MorphoLib.totalBorrowShares
DA:44,4608
DA:45,4608
DA:48,3454
FN:48,51,MorphoLib.lastUpdate
FNDA:3454,MorphoLib.lastUpdate
DA:49,3454
DA:50,3454
DA:53,6689
FN:53,56,MorphoLib.fee
FNDA:6689,MorphoLib.fee
DA:54,6689
DA:55,6689
DA:58,97831
FN:58,62,MorphoLib._array
FNDA:97831,MorphoLib._array
DA:59,97831
DA:60,97831
DA:61,0
FNF:10
FNH:10
LF:31
LH:30
BRF:0
BRH:0
end_of_record
TN:
SF:src/libraries/periphery/MorphoStorageLib.sol
DA:41,256
FN:41,43,MorphoStorageLib.ownerSlot
FNDA:256,MorphoStorageLib.ownerSlot
DA:42,256
DA:45,256
FN:45,47,MorphoStorageLib.feeRecipientSlot
FNDA:256,MorphoStorageLib.feeRecipientSlot
DA:46,256
DA:49,12023
FN:49,53,MorphoStorageLib.positionSupplySharesSlot
FNDA:12023,MorphoStorageLib.positionSupplySharesSlot
DA:50,12023
DA:55,41323
FN:55,60,MorphoStorageLib.positionBorrowSharesAndCollateralSlot
FNDA:41323,MorphoStorageLib.positionBorrowSharesAndCollateralSlot
DA:56,41323
DA:62,19113
FN:62,64,MorphoStorageLib.marketTotalSupplyAssetsAndSharesSlot
FNDA:19113,MorphoStorageLib.marketTotalSupplyAssetsAndSharesSlot
DA:63,19113
DA:66,16253
FN:66,68,MorphoStorageLib.marketTotalBorrowAssetsAndSharesSlot
FNDA:16253,MorphoStorageLib.marketTotalBorrowAssetsAndSharesSlot
DA:67,16253
DA:70,10399
FN:70,72,MorphoStorageLib.marketLastUpdateAndFeeSlot
FNDA:10399,MorphoStorageLib.marketLastUpdateAndFeeSlot
DA:71,10399
DA:74,256
FN:74,76,MorphoStorageLib.isIrmEnabledSlot
FNDA:256,MorphoStorageLib.isIrmEnabledSlot
DA:75,256
DA:78,256
FN:78,80,MorphoStorageLib.isLltvEnabledSlot
FNDA:256,MorphoStorageLib.isLltvEnabledSlot
DA:79,256
DA:82,256
FN:82,84,MorphoStorageLib.isAuthorizedSlot
FNDA:256,MorphoStorageLib.isAuthorizedSlot
DA:83,256
DA:86,256
FN:86,88,MorphoStorageLib.nonceSlot
FNDA:256,MorphoStorageLib.nonceSlot
DA:87,256
DA:90,256
FN:90,92,MorphoStorageLib.idToLoanTokenSlot
FNDA:256,MorphoStorageLib.idToLoanTokenSlot
DA:91,256
DA:94,256
FN:94,96,MorphoStorageLib.idToCollateralTokenSlot
FNDA:256,MorphoStorageLib.idToCollateralTokenSlot
DA:95,256
DA:98,256
FN:98,100,MorphoStorageLib.idToOracleSlot
FNDA:256,MorphoStorageLib.idToOracleSlot
DA:99,256
DA:102,256
FN:102,104,MorphoStorageLib.idToIrmSlot
FNDA:256,MorphoStorageLib.idToIrmSlot
DA:103,256
DA:106,256
FN:106,108,MorphoStorageLib.idToLltvSlot
FNDA:256,MorphoStorageLib.idToLltvSlot
DA:107,256
FNF:16
FNH:16
LF:32
LH:32
BRF:0
BRH:0
end_of_record
TN:
SF:src/mocks/ERC20Mock.sol
DA:12,37945
FN:12,17,ERC20Mock.setBalance
FNDA:37945,ERC20Mock.setBalance
DA:13,37945
BRDA:13,0,0,37418
BRDA:13,0,1,527
DA:14,527
DA:16,37945
DA:19,5096
FN:19,25,ERC20Mock.approve
FNDA:5096,ERC20Mock.approve
DA:20,5096
DA:22,5096
DA:24,5096
DA:27,19132
FN:27,36,ERC20Mock.transfer
FNDA:19132,ERC20Mock.transfer
DA:28,19132
BRDA:28,1,0,-
BRDA:28,1,1,-
DA:30,19132
DA:31,19132
DA:33,19132
DA:35,0
DA:38,39225
FN:38,51,ERC20Mock.transferFrom
FNDA:39225,ERC20Mock.transferFrom
DA:39,39225
BRDA:39,2,0,-
BRDA:39,2,1,-
DA:41,39225
DA:43,37945
BRDA:43,3,0,-
BRDA:43,3,1,-
DA:45,37945
DA:46,37945
DA:48,37945
DA:50,0
FNF:4
FNH:4
LF:22
LH:20
BRF:8
BRH:2
end_of_record
TN:
SF:src/mocks/FlashBorrowerMock.sol
DA:11,0
FN:11,13,FlashBorrowerMock.constructor
FNDA:0,FlashBorrowerMock.constructor
DA:12,0
DA:15,0
FN:15,17,FlashBorrowerMock.flashLoan
FNDA:0,FlashBorrowerMock.flashLoan
DA:16,0
DA:19,0
FN:19,23,FlashBorrowerMock.onMorphoFlashLoan
FNDA:0,FlashBorrowerMock.onMorphoFlashLoan
DA:20,0
BRDA:20,0,0,-
BRDA:20,0,1,-
DA:21,0
DA:22,0
FNF:3
FNH:0
LF:8
LH:0
BRF:2
BRH:0
end_of_record
TN:
SF:src/mocks/IrmMock.sol
DA:12,32558
FN:12,20,IrmMock.borrowRateView
FNDA:32558,IrmMock.borrowRateView
DA:13,32558
DA:15,11546
DA:19,11546
DA:22,28050
FN:22,24,IrmMock.borrowRate
FNDA:28050,IrmMock.borrowRate
DA:23,28050
FNF:2
FNH:2
LF:6
LH:6
BRF:0
BRH:0
end_of_record
TN:
SF:src/mocks/OracleMock.sol
DA:9,7766
FN:9,11,OracleMock.setPrice
FNDA:7766,OracleMock.setPrice
DA:10,7766
FNF:1
FNH:1
LF:2
LH:2
BRF:0
BRH:0
end_of_record
TN:
SF:test/forge/BaseTest.sol
DA:60,125
FN:60,117,BaseTest.setUp
FNDA:125,BaseTest.setUp
DA:61,125
DA:62,125
DA:63,125
DA:64,125
DA:65,125
DA:66,125
DA:67,125
DA:68,125
DA:70,125
DA:72,125
DA:73,125
DA:75,125
DA:76,125
DA:78,125
DA:80,125
DA:82,125
DA:84,125
DA:85,125
DA:86,125
DA:87,125
DA:88,125
DA:89,125
DA:91,125
DA:92,125
DA:94,125
DA:95,125
DA:96,125
DA:98,125
DA:99,125
DA:100,125
DA:102,125
DA:103,125
DA:104,125
DA:106,125
DA:107,125
DA:108,125
DA:110,125
DA:111,125
DA:112,125
DA:113,125
DA:114,125
DA:116,125
DA:119,1918
FN:119,129,BaseTest._setLltv
FNDA:1918,BaseTest._setLltv
DA:120,1918
DA:121,1918
DA:123,1918
DA:124,1918
BRDA:124,0,0,1918
DA:125,1918
BRDA:125,1,0,1918
DA:126,1918
DA:128,1918
DA:132,6504
FN:132,135,BaseTest._forward
FNDA:6504,BaseTest._forward
DA:133,6504
DA:134,6504
DA:138,2816
FN:138,140,BaseTest._boundBlocks
FNDA:2816,BaseTest._boundBlocks
DA:139,2816
DA:142,4610
FN:142,145,BaseTest._supply
FNDA:4610,BaseTest._supply
DA:143,4610
DA:144,4610
DA:147,0
FN:147,153,BaseTest._supplyCollateralForBorrower
FNDA:0,BaseTest._supplyCollateralForBorrower
DA:148,0
DA:149,0
DA:150,0
DA:151,0
DA:152,0
DA:155,5632
FN:155,178,BaseTest._boundHealthyPosition
FNDA:5632,BaseTest._boundHealthyPosition
DA:160,5632
DA:161,5632
DA:163,5632
DA:165,5632
BRDA:165,2,0,5404
BRDA:165,2,1,228
DA:166,5404
DA:168,228
DA:169,228
DA:175,5632
DA:176,5632
DA:177,5632
DA:180,1024
FN:180,194,BaseTest._boundUnhealthyPosition
FNDA:1024,BaseTest._boundUnhealthyPosition
DA:185,1024
DA:186,1024
DA:188,1024
DA:189,1024
DA:190,1024
DA:192,1024
DA:193,1024
DA:196,1792
FN:196,198,BaseTest._boundTestLltv
FNDA:1792,BaseTest._boundTestLltv
DA:197,1792
DA:200,2280
FN:200,210,BaseTest._boundSupplyCollateralAssets
FNDA:2280,BaseTest._boundSupplyCollateralAssets
DA:205,2280
DA:207,2280
DA:209,2280
DA:212,1693
FN:212,228,BaseTest._boundWithdrawCollateralAssets
FNDA:1693,BaseTest._boundWithdrawCollateralAssets
DA:217,1693
DA:219,1693
DA:220,1693
DA:221,1693
DA:223,1693
DA:230,2244
FN:230,238,BaseTest._boundSupplyAssets
FNDA:2244,BaseTest._boundSupplyAssets
DA:235,2244
DA:237,2244
DA:240,2070
FN:240,256,BaseTest._boundSupplyShares
FNDA:2070,BaseTest._boundSupplyShares
DA:245,2070
DA:247,2070
DA:249,2070
DA:258,1796
FN:258,269,BaseTest._boundWithdrawAssets
FNDA:1796,BaseTest._boundWithdrawAssets
DA:263,1796
DA:265,1796
DA:266,1796
DA:268,1796
DA:271,0
FN:271,285,BaseTest._boundWithdrawShares
FNDA:0,BaseTest._boundWithdrawShares
DA:276,0
DA:278,0
DA:279,0
DA:281,0
DA:282,0
DA:284,0
DA:287,1657
FN:287,299,BaseTest._boundBorrowAssets
FNDA:1657,BaseTest._boundBorrowAssets
DA:292,1657
DA:294,1657
DA:295,1657
DA:296,1657
DA:298,1657
DA:301,963
FN:301,312,BaseTest._boundRepayAssets
FNDA:963,BaseTest._boundRepayAssets
DA:306,963
DA:308,963
DA:309,963
DA:311,963
DA:314,944
FN:314,324,BaseTest._boundRepayShares
FNDA:944,BaseTest._boundRepayShares
DA:319,944
DA:321,944
DA:323,944
DA:326,37
FN:326,343,BaseTest._boundLiquidateSeizedAssets
FNDA:37,BaseTest._boundLiquidateSeizedAssets
DA:331,37
DA:333,37
DA:334,37
DA:335,37
DA:336,37
DA:337,37
DA:341,37
DA:342,37
DA:345,45
FN:345,361,BaseTest._boundLiquidateRepaidShares
FNDA:45,BaseTest._boundLiquidateRepaidShares
DA:350,45
DA:352,45
DA:353,45
DA:356,45
DA:357,45
DA:359,45
DA:360,45
DA:363,8748
FN:363,369,BaseTest._maxBorrow
FNDA:8748,BaseTest._maxBorrow
DA:364,8748
DA:366,8748
DA:368,8748
DA:371,6835
FN:371,376,BaseTest._isHealthy
FNDA:6835,BaseTest._isHealthy
DA:372,6835
DA:373,6835
DA:375,6835
DA:378,885
FN:378,380,BaseTest._liquidationIncentiveFactor
FNDA:885,BaseTest._liquidationIncentiveFactor
DA:379,885
DA:382,1024
FN:382,384,BaseTest._boundValidLltv
FNDA:1024,BaseTest._boundValidLltv
DA:383,1024
DA:386,2304
FN:386,388,BaseTest.neq
FNDA:2304,BaseTest.neq
DA:387,2304
DA:390,21022
FN:390,394,BaseTest._randomCandidate
FNDA:21022,BaseTest._randomCandidate
DA:391,21022
DA:393,13729
DA:396,14428
FN:396,400,BaseTest._randomNonZero
FNDA:14428,BaseTest._randomNonZero
DA:397,14428
DA:399,14428
FNF:27
FNH:25
LF:167
LH:154
BRF:4
BRH:4
end_of_record
TN:
SF:test/forge/InvariantTest.sol
DA:15,6
FN:15,22,InvariantTest.setUp
FNDA:6,InvariantTest.setUp
DA:16,0
DA:18,0
DA:20,6
DA:21,6
DA:24,2156
FN:24,28,InvariantTest.logCall
FNDA:2156,InvariantTest.logCall
DA:25,2156
DA:30,0
FN:30,39,InvariantTest._targetSenders
FNDA:0,InvariantTest._targetSenders
DA:31,0
DA:32,0
DA:33,0
DA:34,0
DA:35,0
DA:36,0
DA:37,0
DA:38,0
DA:41,6
FN:41,48,InvariantTest._targetSender
FNDA:6,InvariantTest._targetSender
DA:42,6
DA:44,6
DA:45,6
DA:46,6
DA:47,6
DA:52,1770
FN:52,56,InvariantTest.mine
FNDA:1770,InvariantTest.mine
DA:53,1770
DA:55,1770
DA:60,2073
FN:60,77,InvariantTest._randomSupplier
FNDA:2073,InvariantTest._randomSupplier
DA:65,2073
DA:66,2073
DA:68,2073
DA:69,2073
DA:71,2073
BRDA:71,0,0,1796
DA:72,1796
DA:76,2073
DA:79,4360
FN:79,96,InvariantTest._randomBorrower
FNDA:4360,InvariantTest._randomBorrower
DA:84,4360
DA:85,4360
DA:87,4360
DA:88,4360
DA:90,4360
BRDA:90,1,0,1907
DA:91,1907
DA:95,4360
DA:98,4562
FN:98,115,InvariantTest._randomHealthyCollateralSupplier
FNDA:4562,InvariantTest._randomHealthyCollateralSupplier
DA:103,4562
DA:104,4562
DA:106,4562
DA:107,4562
DA:109,4562
BRDA:109,2,0,3350
DA:110,3350
DA:114,4562
DA:117,3433
FN:117,133,InvariantTest._randomUnhealthyBorrower
FNDA:3433,InvariantTest._randomUnhealthyBorrower
DA:122,3433
DA:124,3433
DA:125,3433
DA:127,3433
BRDA:127,3,0,82
DA:128,82
DA:132,3433
FNF:9
FNH:8
LF:56
LH:45
BRF:4
BRH:4
end_of_record
TN:
SF:test/forge/helpers/ArrayLib.sol
DA:5,14428
FN:5,21,ArrayLib.removeAll
FNDA:14428,ArrayLib.removeAll
DA:6,14428
DA:8,14428
DA:9,14428
DA:10,14428
DA:12,14428
BRDA:12,0,0,7135
DA:13,7135
DA:14,7135
DA:19,0
FNF:1
FNH:1
LF:9
LH:8
BRF:1
BRH:1
end_of_record
TN:
SF:test/forge/helpers/Math.sol
DA:5,768
FN:5,7,Math.max
FNDA:768,Math.max
DA:6,768
DA:9,10149
FN:9,11,Math.min
FNDA:10149,Math.min
DA:10,10149
DA:13,8287
FN:13,15,Math.zeroFloorSub
FNDA:8287,Math.zeroFloorSub
DA:14,8287
FNF:3
FNH:3
LF:6
LH:6
BRF:0
BRH:0
end_of_record
TN:
SF:test/forge/helpers/SigUtils.sol
DA:10,1536
FN:10,16,SigUtils.getTypedDataHash
FNDA:1536,SigUtils.getTypedDataHash
DA:15,1536
DA:18,1536
FN:18,29,SigUtils.hashStruct
FNDA:1536,SigUtils.hashStruct
DA:19,1536
FNF:2
FNH:2
LF:4
LH:4
BRF:0
BRH:0
end_of_record
TN:
SF:test/forge/helpers/WadMath.sol
DA:15,256
FN:15,21,WadMath.wadDivUp
FNDA:256,WadMath.wadDivUp
DA:16,256
DA:18,256
DA:20,256
DA:23,256
FN:23,28,WadMath.wadExpUp
FNDA:256,WadMath.wadExpUp
DA:24,256
DA:25,256
BRDA:25,0,0,-
BRDA:25,0,1,-
DA:26,256
DA:27,256
DA:36,256
FN:36,165,WadMath.pow_2
FNDA:256,WadMath.pow_2
DA:38,256
DA:39,256
BRDA:39,1,0,218
DA:40,256
BRDA:40,2,0,194
DA:41,256
BRDA:41,3,0,54
DA:42,256
BRDA:42,4,0,44
DA:43,256
BRDA:43,5,0,202
DA:44,256
BRDA:44,6,0,53
DA:45,256
BRDA:45,7,0,206
DA:46,256
BRDA:46,8,0,207
DA:47,256
BRDA:47,9,0,58
DA:48,256
BRDA:48,10,0,205
DA:49,256
BRDA:49,11,0,197
DA:50,256
BRDA:50,12,0,196
DA:51,256
BRDA:51,13,0,60
DA:52,256
BRDA:52,14,0,53
DA:53,256
BRDA:53,15,0,61
DA:54,256
BRDA:54,16,0,198
DA:55,256
BRDA:55,17,0,192
DA:56,256
BRDA:56,18,0,189
DA:57,256
BRDA:57,19,0,65
DA:58,256
BRDA:58,20,0,194
DA:59,256
BRDA:59,21,0,66
DA:60,256
BRDA:60,22,0,200
DA:61,256
BRDA:61,23,0,73
DA:62,256
BRDA:62,24,0,186
DA:63,256
BRDA:63,25,0,56
DA:64,256
BRDA:64,26,0,178
DA:65,256
BRDA:65,27,0,62
DA:66,256
BRDA:66,28,0,171
DA:67,256
BRDA:67,29,0,96
DA:68,256
BRDA:68,30,0,105
DA:69,256
BRDA:69,31,0,97
DA:70,256
BRDA:70,32,0,142
DA:71,256
BRDA:71,33,0,132
DA:72,256
BRDA:72,34,0,105
DA:73,256
BRDA:73,35,0,131
DA:74,256
BRDA:74,36,0,113
DA:75,256
BRDA:75,37,0,132
DA:76,256
BRDA:76,38,0,131
DA:77,256
BRDA:77,39,0,132
DA:78,256
BRDA:78,40,0,137
DA:79,256
BRDA:79,41,0,119
DA:80,256
BRDA:80,42,0,119
DA:81,256
BRDA:81,43,0,132
DA:82,256
BRDA:82,44,0,128
DA:83,256
BRDA:83,45,0,135
DA:84,256
BRDA:84,46,0,138
DA:85,256
BRDA:85,47,0,121
DA:86,256
BRDA:86,48,0,125
DA:87,256
BRDA:87,49,0,128
DA:88,256
BRDA:88,50,0,117
DA:89,256
BRDA:89,51,0,117
DA:90,256
BRDA:90,52,0,146
DA:91,256
BRDA:91,53,0,133
DA:92,256
BRDA:92,54,0,135
DA:93,256
BRDA:93,55,0,140
DA:94,256
BRDA:94,56,0,124
DA:95,256
BRDA:95,57,0,127
DA:96,256
BRDA:96,58,0,120
DA:97,256
BRDA:97,59,0,137
DA:98,256
BRDA:98,60,0,131
DA:99,256
BRDA:99,61,0,128
DA:100,256
BRDA:100,62,0,131
DA:101,256
BRDA:101,63,0,128
DA:102,256
BRDA:102,64,0,141
DA:103,256
BRDA:103,65,0,131
DA:104,256
BRDA:104,66,0,131
DA:105,256
BRDA:105,67,0,120
DA:106,256
BRDA:106,68,0,131
DA:107,256
BRDA:107,69,0,122
DA:108,256
BRDA:108,70,0,128
DA:109,256
BRDA:109,71,0,117
DA:110,256
BRDA:110,72,0,127
DA:111,256
BRDA:111,73,0,115
DA:112,256
BRDA:112,74,0,121
DA:113,256
BRDA:113,75,0,136
DA:114,256
BRDA:114,76,0,137
DA:115,256
BRDA:115,77,0,143
DA:116,256
BRDA:116,78,0,142
DA:117,256
BRDA:117,79,0,125
DA:118,256
BRDA:118,80,0,125
DA:119,256
BRDA:119,81,0,125
DA:120,256
BRDA:120,82,0,134
DA:121,256
BRDA:121,83,0,133
DA:122,256
BRDA:122,84,0,128
DA:123,256
BRDA:123,85,0,115
DA:124,256
BRDA:124,86,0,121
DA:125,256
BRDA:125,87,0,130
DA:126,256
BRDA:126,88,0,122
DA:127,256
BRDA:127,89,0,130
DA:128,256
BRDA:128,90,0,122
DA:129,256
BRDA:129,91,0,135
DA:130,256
BRDA:130,92,0,114
DA:131,256
BRDA:131,93,0,118
DA:132,256
BRDA:132,94,0,133
DA:133,256
BRDA:133,95,0,104
DA:134,256
BRDA:134,96,0,121
DA:135,256
BRDA:135,97,0,127
DA:136,256
BRDA:136,98,0,116
DA:137,256
BRDA:137,99,0,124
DA:138,256
BRDA:138,100,0,123
DA:139,256
BRDA:139,101,0,132
DA:140,256
BRDA:140,102,0,117
DA:141,256
BRDA:141,103,0,119
DA:142,256
BRDA:142,104,0,144
DA:143,256
BRDA:143,105,0,128
DA:144,256
BRDA:144,106,0,135
DA:145,256
BRDA:145,107,0,117
DA:146,256
BRDA:146,108,0,126
DA:147,256
BRDA:147,109,0,132
DA:148,256
BRDA:148,110,0,131
DA:149,256
BRDA:149,111,0,134
DA:150,256
BRDA:150,112,0,142
DA:151,256
BRDA:151,113,0,119
DA:152,256
BRDA:152,114,0,125
DA:153,256
BRDA:153,115,0,126
DA:154,256
BRDA:154,116,0,123
DA:155,256
BRDA:155,117,0,148
DA:156,256
BRDA:156,118,0,139
DA:157,256
BRDA:157,119,0,78
DA:158,256
BRDA:158,120,0,198
DA:159,256
BRDA:159,121,0,256
DA:161,256
DA:163,256
FNF:3
FNH:3
LF:134
LH:134
BRF:123
BRH:121
end_of_record
TN:
SF:test/forge/invariant/BaseInvariantTest.sol
DA:17,6
FN:17,19,BaseInvariantTest.constructor
FNDA:6,BaseInvariantTest.constructor
DA:18,6
DA:21,6
FN:21,51,BaseInvariantTest.setUp
FNDA:6,BaseInvariantTest.setUp
DA:22,6
DA:23,6
DA:24,6
DA:25,6
DA:26,6
DA:27,6
DA:28,6
DA:29,6
DA:31,0
DA:33,6
DA:35,6
DA:36,30
DA:44,30
DA:45,30
DA:46,30
DA:47,30
DA:49,30
DA:53,6
FN:53,55,BaseInvariantTest._targetSenders
FNDA:6,BaseInvariantTest._targetSenders
DA:54,6
DA:57,1615
FN:57,69,BaseInvariantTest.authorized
FNDA:1615,BaseInvariantTest.authorized
DA:58,1615
BRDA:58,0,0,-
DA:59,0
DA:60,0
DA:65,1615
BRDA:65,1,0,-
DA:66,0
DA:67,0
DA:71,22591
FN:71,73,BaseInvariantTest._randomMarket
FNDA:22591,BaseInvariantTest._randomMarket
DA:72,22591
DA:75,2156
FN:75,83,BaseInvariantTest._supplyAssets
FNDA:2156,BaseInvariantTest._supplyAssets
DA:79,2156
DA:81,2156
DA:82,2156
DA:85,2017
FN:85,95,BaseInvariantTest._supplyShares
FNDA:2017,BaseInvariantTest._supplyShares
DA:89,2017
DA:91,2017
DA:93,2017
DA:94,2017
DA:97,1615
FN:97,106,BaseInvariantTest._withdraw
FNDA:1615,BaseInvariantTest._withdraw
DA:104,1615
DA:105,1615
DA:108,1462
FN:108,117,BaseInvariantTest._borrow
FNDA:1462,BaseInvariantTest._borrow
DA:115,1462
DA:116,1462
DA:119,881
FN:119,127,BaseInvariantTest._repayAssets
FNDA:881,BaseInvariantTest._repayAssets
DA:123,881
DA:125,881
DA:126,881
DA:129,913
FN:129,139,BaseInvariantTest._repayShares
FNDA:913,BaseInvariantTest._repayShares
DA:133,913
DA:135,913
DA:137,913
DA:138,913
DA:141,2242
FN:141,149,BaseInvariantTest._supplyCollateral
FNDA:2242,BaseInvariantTest._supplyCollateral
DA:145,2242
DA:147,2242
DA:148,2242
DA:151,1668
FN:151,158,BaseInvariantTest._withdrawCollateral
FNDA:1668,BaseInvariantTest._withdrawCollateral
DA:156,1668
DA:157,1668
DA:160,35
FN:160,176,BaseInvariantTest._liquidateSeizedAssets
FNDA:35,BaseInvariantTest._liquidateSeizedAssets
DA:164,35
DA:165,35
DA:166,35
DA:167,35
DA:168,35
DA:169,35
DA:170,35
DA:172,35
DA:174,35
DA:175,35
DA:178,41
FN:178,188,BaseInvariantTest._liquidateRepaidShares
FNDA:41,BaseInvariantTest._liquidateRepaidShares
DA:182,41
DA:184,41
DA:186,41
DA:187,41
DA:192,1569
FN:192,201,BaseInvariantTest.setFeeNoRevert
FNDA:1569,BaseInvariantTest.setFeeNoRevert
DA:193,1569
DA:194,1569
DA:196,1569
DA:197,1569
DA:199,1565
DA:200,1565
DA:203,2244
FN:203,212,BaseInvariantTest.supplyAssetsOnBehalfNoRevert
FNDA:2244,BaseInvariantTest.supplyAssetsOnBehalfNoRevert
DA:204,2244
DA:206,2244
DA:208,2244
DA:209,2244
DA:211,2156
DA:214,2070
FN:214,223,BaseInvariantTest.supplySharesOnBehalfNoRevert
FNDA:2070,BaseInvariantTest.supplySharesOnBehalfNoRevert
DA:215,2070
DA:217,2070
DA:219,2070
DA:220,2070
DA:222,2017
DA:225,2074
FN:225,239,BaseInvariantTest.withdrawAssetsOnBehalfNoRevert
FNDA:2074,BaseInvariantTest.withdrawAssetsOnBehalfNoRevert
DA:228,2074
DA:230,2073
DA:232,2073
DA:233,2073
DA:235,1796
DA:236,1796
DA:238,1615
DA:241,2216
FN:241,255,BaseInvariantTest.borrowAssetsOnBehalfNoRevert
FNDA:2216,BaseInvariantTest.borrowAssetsOnBehalfNoRevert
DA:244,2216
DA:246,2216
DA:248,2216
DA:249,2216
DA:251,1657
DA:252,1657
DA:254,1462
DA:257,2214
FN:257,267,BaseInvariantTest.repayAssetsOnBehalfNoRevert
FNDA:2214,BaseInvariantTest.repayAssetsOnBehalfNoRevert
DA:258,2214
DA:260,2214
DA:261,2214
DA:263,963
DA:264,963
DA:266,881
DA:269,2146
FN:269,279,BaseInvariantTest.repaySharesOnBehalfNoRevert
FNDA:2146,BaseInvariantTest.repaySharesOnBehalfNoRevert
DA:270,2146
DA:272,2146
DA:273,2146
DA:275,944
DA:276,944
DA:278,913
DA:281,2280
FN:281,290,BaseInvariantTest.supplyCollateralOnBehalfNoRevert
FNDA:2280,BaseInvariantTest.supplyCollateralOnBehalfNoRevert
DA:282,2280
DA:284,2280
DA:286,2280
DA:287,2280
DA:289,2242
DA:292,2347
FN:292,309,BaseInvariantTest.withdrawCollateralOnBehalfNoRevert
FNDA:2347,BaseInvariantTest.withdrawCollateralOnBehalfNoRevert
DA:298,2347
DA:300,2346
DA:302,2346
DA:303,2346
DA:305,1693
DA:306,1693
DA:308,1668
DA:311,1729
FN:311,321,BaseInvariantTest.liquidateSeizedAssetsNoRevert
FNDA:1729,BaseInvariantTest.liquidateSeizedAssetsNoRevert
DA:312,1729
DA:314,1729
DA:315,1729
DA:317,37
DA:318,37
DA:320,35
DA:323,1704
FN:323,333,BaseInvariantTest.liquidateRepaidSharesNoRevert
FNDA:1704,BaseInvariantTest.liquidateRepaidSharesNoRevert
DA:324,1704
DA:326,1704
DA:327,1704
DA:329,45
DA:330,45
DA:332,41
FNF:26
FNH:26
LF:155
LH:150
BRF:2
BRH:0
end_of_record
TN:
SF:test/forge/libraries/SafeTransferLibTest.sol
DA:13,256
FN:13,16,ERC20WithoutBoolean.transfer
FNDA:256,ERC20WithoutBoolean.transfer
DA:14,256
DA:15,256
DA:18,256
FN:18,22,ERC20WithoutBoolean.transferFrom
FNDA:256,ERC20WithoutBoolean.transferFrom
DA:20,256
DA:21,256
DA:24,512
FN:24,26,ERC20WithoutBoolean.setBalance
FNDA:512,ERC20WithoutBoolean.setBalance
DA:25,512
DA:33,256
FN:33,37,ERC20WithBooleanAlwaysFalse.transfer
FNDA:256,ERC20WithBooleanAlwaysFalse.transfer
DA:34,256
DA:35,256
DA:36,0
DA:39,256
FN:39,44,ERC20WithBooleanAlwaysFalse.transferFrom
FNDA:256,ERC20WithBooleanAlwaysFalse.transferFrom
DA:41,256
DA:42,256
DA:43,0
DA:46,512
FN:46,48,ERC20WithBooleanAlwaysFalse.setBalance
FNDA:512,ERC20WithBooleanAlwaysFalse.setBalance
DA:47,512
FNF:6
FNH:6
LF:18
LH:16
BRF:0
BRH:0
end_of_record
